mode: set
github.com/erigontech/erigon-db/rawdb/rawtemporaldb/accessors_receipt.go:16.137,21.16 4 1
github.com/erigontech/erigon-db/rawdb/rawtemporaldb/accessors_receipt.go:21.16,23.3 1 0
github.com/erigontech/erigon-db/rawdb/rawtemporaldb/accessors_receipt.go:24.2,24.20 1 1
github.com/erigontech/erigon-db/rawdb/rawtemporaldb/accessors_receipt.go:24.20,26.3 1 1
github.com/erigontech/erigon-db/rawdb/rawtemporaldb/accessors_receipt.go:28.2,29.16 2 1
github.com/erigontech/erigon-db/rawdb/rawtemporaldb/accessors_receipt.go:29.16,31.3 1 0
github.com/erigontech/erigon-db/rawdb/rawtemporaldb/accessors_receipt.go:32.2,32.20 1 1
github.com/erigontech/erigon-db/rawdb/rawtemporaldb/accessors_receipt.go:32.20,34.3 1 1
github.com/erigontech/erigon-db/rawdb/rawtemporaldb/accessors_receipt.go:40.2,41.16 2 1
github.com/erigontech/erigon-db/rawdb/rawtemporaldb/accessors_receipt.go:41.16,43.3 1 0
github.com/erigontech/erigon-db/rawdb/rawtemporaldb/accessors_receipt.go:44.2,44.20 1 1
github.com/erigontech/erigon-db/rawdb/rawtemporaldb/accessors_receipt.go:44.20,46.3 1 1
github.com/erigontech/erigon-db/rawdb/rawtemporaldb/accessors_receipt.go:47.2,47.8 1 1
github.com/erigontech/erigon-db/rawdb/rawtemporaldb/accessors_receipt.go:50.109,53.20 3 1
github.com/erigontech/erigon-db/rawdb/rawtemporaldb/accessors_receipt.go:53.20,56.3 2 1
github.com/erigontech/erigon-db/rawdb/rawtemporaldb/accessors_receipt.go:58.2,61.109 3 1
github.com/erigontech/erigon-db/rawdb/rawtemporaldb/accessors_receipt.go:61.109,63.4 1 0
github.com/erigontech/erigon-db/rawdb/rawtemporaldb/accessors_receipt.go:66.2,69.113 3 1
github.com/erigontech/erigon-db/rawdb/rawtemporaldb/accessors_receipt.go:69.113,71.4 1 0
github.com/erigontech/erigon-db/rawdb/rawtemporaldb/accessors_receipt.go:74.2,77.98 3 1
github.com/erigontech/erigon-db/rawdb/rawtemporaldb/accessors_receipt.go:77.98,79.4 1 0
github.com/erigontech/erigon-db/rawdb/rawtemporaldb/accessors_receipt.go:81.2,81.12 1 1
github.com/erigontech/erigon-db/rawdb/rawtemporaldb/accessors_receipt.go:84.38,87.2 2 1
github.com/erigontech/erigon-db/rawdb/utils/block_max_heap.go:28.46,30.2 1 1
github.com/erigontech/erigon-db/rawdb/utils/block_max_heap.go:32.34,34.2 1 1
github.com/erigontech/erigon-db/rawdb/utils/block_max_heap.go:36.44,38.2 1 1
github.com/erigontech/erigon-db/rawdb/utils/block_max_heap.go:40.39,42.2 1 1
github.com/erigontech/erigon-db/rawdb/utils/block_max_heap.go:44.36,45.18 1 1
github.com/erigontech/erigon-db/rawdb/utils/block_max_heap.go:45.18,47.3 1 1
github.com/erigontech/erigon-db/rawdb/utils/block_max_heap.go:48.2,49.48 2 1
github.com/erigontech/erigon-db/rawdb/utils/block_max_heap.go:49.48,50.45 1 1
github.com/erigontech/erigon-db/rawdb/utils/block_max_heap.go:50.45,52.4 1 1
github.com/erigontech/erigon-db/rawdb/utils/block_max_heap.go:52.9,55.4 1 1
github.com/erigontech/erigon-db/rawdb/utils/block_max_heap.go:57.2,57.39 1 1
github.com/erigontech/erigon-db/rawdb/utils/block_max_heap.go:60.34,65.2 4 1
github.com/erigontech/erigon-db/rawdb/utils/block_max_heap.go:67.45,69.27 2 0
github.com/erigontech/erigon-db/rawdb/utils/block_max_heap.go:69.27,71.3 1 0
github.com/erigontech/erigon-db/rawdb/utils/block_max_heap.go:72.2,72.32 1 0
github.com/erigontech/erigon-db/rawdb/utils/block_max_heap.go:75.50,79.25 3 0
github.com/erigontech/erigon-db/rawdb/utils/block_max_heap.go:79.25,81.3 1 0
github.com/erigontech/erigon-db/rawdb/utils/block_max_heap.go:83.2,83.12 1 0
github.com/erigontech/erigon-db/downloader/downloader.go:110.42,112.2 1 0
github.com/erigontech/erigon-db/downloader/downloader.go:147.48,149.2 1 0
github.com/erigontech/erigon-db/downloader/downloader.go:160.49,161.44 1 0
github.com/erigontech/erigon-db/downloader/downloader.go:161.44,163.3 1 0
github.com/erigontech/erigon-db/downloader/downloader.go:172.95,173.17 1 0
github.com/erigontech/erigon-db/downloader/downloader.go:173.17,174.104 1 0
github.com/erigontech/erigon-db/downloader/downloader.go:174.104,175.47 1 0
github.com/erigontech/erigon-db/downloader/downloader.go:175.47,176.65 1 0
github.com/erigontech/erigon-db/downloader/downloader.go:176.65,178.6 1 0
github.com/erigontech/erigon-db/downloader/downloader.go:183.2,185.44 3 0
github.com/erigontech/erigon-db/downloader/downloader.go:185.44,187.3 1 0
github.com/erigontech/erigon-db/downloader/downloader.go:189.2,189.14 1 0
github.com/erigontech/erigon-db/downloader/downloader.go:192.88,203.48 10 0
github.com/erigontech/erigon-db/downloader/downloader.go:203.48,205.3 1 0
github.com/erigontech/erigon-db/downloader/downloader.go:207.2,207.15 1 0
github.com/erigontech/erigon-db/downloader/downloader.go:207.15,208.31 1 0
github.com/erigontech/erigon-db/downloader/downloader.go:208.31,209.39 1 0
github.com/erigontech/erigon-db/downloader/downloader.go:209.39,212.5 2 0
github.com/erigontech/erigon-db/downloader/downloader.go:214.4,214.48 1 0
github.com/erigontech/erigon-db/downloader/downloader.go:217.3,217.29 1 0
github.com/erigontech/erigon-db/downloader/downloader.go:220.2,231.26 8 0
github.com/erigontech/erigon-db/downloader/downloader.go:231.26,234.26 2 0
github.com/erigontech/erigon-db/downloader/downloader.go:235.22,236.40 1 0
github.com/erigontech/erigon-db/downloader/downloader.go:236.40,246.5 1 0
github.com/erigontech/erigon-db/downloader/downloader.go:248.4,249.17 2 0
github.com/erigontech/erigon-db/downloader/downloader.go:258.30,262.24 2 0
github.com/erigontech/erigon-db/downloader/downloader.go:262.24,265.5 2 0
github.com/erigontech/erigon-db/downloader/downloader.go:267.4,270.11 3 0
github.com/erigontech/erigon-db/downloader/downloader.go:271.24,274.28 2 0
github.com/erigontech/erigon-db/downloader/downloader.go:276.32,277.30 1 0
github.com/erigontech/erigon-db/downloader/downloader.go:279.4,279.34 1 0
github.com/erigontech/erigon-db/downloader/downloader.go:281.11,283.17 2 0
github.com/erigontech/erigon-db/downloader/downloader.go:287.2,287.18 1 0
github.com/erigontech/erigon-db/downloader/downloader.go:290.114,304.16 4 1
github.com/erigontech/erigon-db/downloader/downloader.go:304.16,307.3 2 0
github.com/erigontech/erigon-db/downloader/downloader.go:308.2,311.16 3 1
github.com/erigontech/erigon-db/downloader/downloader.go:311.16,313.3 1 0
github.com/erigontech/erigon-db/downloader/downloader.go:315.2,316.16 2 1
github.com/erigontech/erigon-db/downloader/downloader.go:316.16,318.3 1 0
github.com/erigontech/erigon-db/downloader/downloader.go:319.2,320.22 2 1
github.com/erigontech/erigon-db/downloader/downloader.go:320.22,321.63 1 1
github.com/erigontech/erigon-db/downloader/downloader.go:321.63,323.4 1 0
github.com/erigontech/erigon-db/downloader/downloader.go:326.2,346.31 3 1
github.com/erigontech/erigon-db/downloader/downloader.go:346.31,348.3 1 1
github.com/erigontech/erigon-db/downloader/downloader.go:350.2,354.31 3 1
github.com/erigontech/erigon-db/downloader/downloader.go:354.31,355.18 1 1
github.com/erigontech/erigon-db/downloader/downloader.go:355.18,357.38 2 1
github.com/erigontech/erigon-db/downloader/downloader.go:357.38,359.5 1 0
github.com/erigontech/erigon-db/downloader/downloader.go:360.4,360.60 1 1
github.com/erigontech/erigon-db/downloader/downloader.go:364.2,364.15 1 1
github.com/erigontech/erigon-db/downloader/downloader.go:369.69,376.54 3 1
github.com/erigontech/erigon-db/downloader/downloader.go:376.54,377.24 1 1
github.com/erigontech/erigon-db/downloader/downloader.go:377.24,379.5 1 1
github.com/erigontech/erigon-db/downloader/downloader.go:380.4,380.18 1 0
github.com/erigontech/erigon-db/downloader/downloader.go:380.18,383.5 2 0
github.com/erigontech/erigon-db/downloader/downloader.go:384.4,384.18 1 0
github.com/erigontech/erigon-db/downloader/downloader.go:384.18,386.5 1 0
github.com/erigontech/erigon-db/downloader/downloader.go:388.4,389.11 2 0
github.com/erigontech/erigon-db/downloader/downloader.go:389.11,391.5 1 0
github.com/erigontech/erigon-db/downloader/downloader.go:392.4,393.18 2 0
github.com/erigontech/erigon-db/downloader/downloader.go:393.18,396.5 2 0
github.com/erigontech/erigon-db/downloader/downloader.go:397.4,397.14 1 0
github.com/erigontech/erigon-db/downloader/downloader.go:403.60,404.17 1 0
github.com/erigontech/erigon-db/downloader/downloader.go:404.17,408.43 2 0
github.com/erigontech/erigon-db/downloader/downloader.go:408.43,409.41 1 0
github.com/erigontech/erigon-db/downloader/downloader.go:409.41,411.5 1 0
github.com/erigontech/erigon-db/downloader/downloader.go:416.44,417.1 1 0
github.com/erigontech/erigon-db/downloader/downloader.go:418.2,421.6 4 0
github.com/erigontech/erigon-db/downloader/downloader.go:421.6,422.10 1 0
github.com/erigontech/erigon-db/downloader/downloader.go:423.23,424.22 1 0
github.com/erigontech/erigon-db/downloader/downloader.go:425.42,428.35 3 0
github.com/erigontech/erigon-db/downloader/downloader.go:429.16,430.16 1 0
github.com/erigontech/erigon-db/downloader/downloader.go:435.40,437.36 2 0
github.com/erigontech/erigon-db/downloader/downloader.go:437.36,439.3 1 0
github.com/erigontech/erigon-db/downloader/downloader.go:442.2,442.18 1 0
github.com/erigontech/erigon-db/downloader/downloader.go:442.18,444.3 1 0
github.com/erigontech/erigon-db/downloader/downloader.go:446.2,451.57 4 0
github.com/erigontech/erigon-db/downloader/downloader.go:451.57,460.3 2 0
github.com/erigontech/erigon-db/downloader/downloader.go:462.2,462.28 1 0
github.com/erigontech/erigon-db/downloader/downloader.go:462.28,464.19 2 0
github.com/erigontech/erigon-db/downloader/downloader.go:464.19,466.4 1 0
github.com/erigontech/erigon-db/downloader/downloader.go:470.39,470.65 1 1
github.com/erigontech/erigon-db/downloader/downloader.go:472.55,474.47 2 0
github.com/erigontech/erigon-db/downloader/downloader.go:474.47,475.27 1 0
github.com/erigontech/erigon-db/downloader/downloader.go:475.27,476.44 1 0
github.com/erigontech/erigon-db/downloader/downloader.go:476.44,478.5 1 0
github.com/erigontech/erigon-db/downloader/downloader.go:479.4,479.12 1 0
github.com/erigontech/erigon-db/downloader/downloader.go:485.3,485.38 1 0
github.com/erigontech/erigon-db/downloader/downloader.go:485.38,486.44 1 0
github.com/erigontech/erigon-db/downloader/downloader.go:486.44,488.5 1 0
github.com/erigontech/erigon-db/downloader/downloader.go:494.2,494.38 1 0
github.com/erigontech/erigon-db/downloader/downloader.go:494.38,496.3 1 0
github.com/erigontech/erigon-db/downloader/downloader.go:497.2,497.8 1 0
github.com/erigontech/erigon-db/downloader/downloader.go:504.82,507.30 2 0
github.com/erigontech/erigon-db/downloader/downloader.go:507.30,511.17 3 0
github.com/erigontech/erigon-db/downloader/downloader.go:511.17,512.31 1 0
github.com/erigontech/erigon-db/downloader/downloader.go:512.31,513.13 1 0
github.com/erigontech/erigon-db/downloader/downloader.go:515.4,521.30 2 0
github.com/erigontech/erigon-db/downloader/downloader.go:521.30,525.19 3 0
github.com/erigontech/erigon-db/downloader/downloader.go:525.19,527.6 1 0
github.com/erigontech/erigon-db/downloader/downloader.go:528.5,528.24 1 0
github.com/erigontech/erigon-db/downloader/downloader.go:531.9,534.4 1 0
github.com/erigontech/erigon-db/downloader/downloader.go:535.3,536.18 2 0
github.com/erigontech/erigon-db/downloader/downloader.go:538.2,538.8 1 0
github.com/erigontech/erigon-db/downloader/downloader.go:542.50,544.12 2 0
github.com/erigontech/erigon-db/downloader/downloader.go:544.12,546.3 1 0
github.com/erigontech/erigon-db/downloader/downloader.go:547.2,548.17 2 0
github.com/erigontech/erigon-db/downloader/downloader.go:548.17,549.29 1 0
github.com/erigontech/erigon-db/downloader/downloader.go:549.29,551.26 2 0
github.com/erigontech/erigon-db/downloader/downloader.go:551.26,553.5 1 0
github.com/erigontech/erigon-db/downloader/downloader.go:554.4,554.20 1 0
github.com/erigontech/erigon-db/downloader/downloader.go:556.3,559.34 3 0
github.com/erigontech/erigon-db/downloader/downloader.go:564.36,575.34 8 0
github.com/erigontech/erigon-db/downloader/downloader.go:575.34,592.3 1 0
github.com/erigontech/erigon-db/downloader/downloader.go:596.60,619.19 17 0
github.com/erigontech/erigon-db/downloader/downloader.go:619.19,621.30 2 0
github.com/erigontech/erigon-db/downloader/downloader.go:621.30,623.4 1 0
github.com/erigontech/erigon-db/downloader/downloader.go:624.3,624.67 1 0
github.com/erigontech/erigon-db/downloader/downloader.go:627.2,627.29 1 0
github.com/erigontech/erigon-db/downloader/downloader.go:627.29,629.10 2 0
github.com/erigontech/erigon-db/downloader/downloader.go:630.22,630.22 0 0
github.com/erigontech/erigon-db/downloader/downloader.go:631.11,633.12 2 0
github.com/erigontech/erigon-db/downloader/downloader.go:635.3,648.22 9 0
github.com/erigontech/erigon-db/downloader/downloader.go:648.22,651.4 2 0
github.com/erigontech/erigon-db/downloader/downloader.go:651.9,653.4 1 0
github.com/erigontech/erigon-db/downloader/downloader.go:655.3,659.40 3 0
github.com/erigontech/erigon-db/downloader/downloader.go:659.40,662.4 2 0
github.com/erigontech/erigon-db/downloader/downloader.go:664.3,668.40 3 0
github.com/erigontech/erigon-db/downloader/downloader.go:668.40,672.4 3 0
github.com/erigontech/erigon-db/downloader/downloader.go:674.3,680.5 1 0
github.com/erigontech/erigon-db/downloader/downloader.go:684.2,684.25 1 0
github.com/erigontech/erigon-db/downloader/downloader.go:684.25,686.26 2 0
github.com/erigontech/erigon-db/downloader/downloader.go:686.26,688.4 1 0
github.com/erigontech/erigon-db/downloader/downloader.go:689.3,689.101 1 0
github.com/erigontech/erigon-db/downloader/downloader.go:692.2,703.14 10 0
github.com/erigontech/erigon-db/downloader/downloader.go:707.94,708.19 1 0
github.com/erigontech/erigon-db/downloader/downloader.go:708.19,710.3 1 0
github.com/erigontech/erigon-db/downloader/downloader.go:711.2,711.24 1 0
github.com/erigontech/erigon-db/downloader/downloader.go:711.24,713.3 1 0
github.com/erigontech/erigon-db/downloader/downloader.go:715.2,715.10 1 0
github.com/erigontech/erigon-db/downloader/downloader.go:719.113,724.2 4 0
github.com/erigontech/erigon-db/downloader/downloader.go:726.143,730.47 4 0
github.com/erigontech/erigon-db/downloader/downloader.go:730.47,731.51 1 0
github.com/erigontech/erigon-db/downloader/downloader.go:731.51,732.77 1 0
github.com/erigontech/erigon-db/downloader/downloader.go:732.77,734.18 2 0
github.com/erigontech/erigon-db/downloader/downloader.go:734.18,741.6 3 0
github.com/erigontech/erigon-db/downloader/downloader.go:742.5,746.6 1 0
github.com/erigontech/erigon-db/downloader/downloader.go:751.2,751.28 1 0
github.com/erigontech/erigon-db/downloader/downloader.go:754.55,757.2 2 0
github.com/erigontech/erigon-db/downloader/downloader.go:759.121,764.39 4 0
github.com/erigontech/erigon-db/downloader/downloader.go:764.39,775.3 6 0
github.com/erigontech/erigon-db/downloader/downloader.go:777.2,777.21 1 0
github.com/erigontech/erigon-db/downloader/downloader.go:785.9,789.32 4 1
github.com/erigontech/erigon-db/downloader/downloader.go:789.32,790.22 1 0
github.com/erigontech/erigon-db/downloader/downloader.go:790.22,792.4 1 0
github.com/erigontech/erigon-db/downloader/downloader.go:793.3,793.25 1 0
github.com/erigontech/erigon-db/downloader/downloader.go:793.25,795.78 2 0
github.com/erigontech/erigon-db/downloader/downloader.go:795.78,797.5 1 0
github.com/erigontech/erigon-db/downloader/downloader.go:798.4,798.28 1 0
github.com/erigontech/erigon-db/downloader/downloader.go:798.28,799.13 1 0
github.com/erigontech/erigon-db/downloader/downloader.go:802.3,803.27 2 0
github.com/erigontech/erigon-db/downloader/downloader.go:806.2,814.2 4 1
github.com/erigontech/erigon-db/downloader/downloader.go:814.2,820.18 5 1
github.com/erigontech/erigon-db/downloader/downloader.go:820.18,821.8 1 1
github.com/erigontech/erigon-db/downloader/downloader.go:821.8,822.12 1 1
github.com/erigontech/erigon-db/downloader/downloader.go:823.23,824.12 1 1
github.com/erigontech/erigon-db/downloader/downloader.go:825.23,831.7 1 0
github.com/erigontech/erigon-db/downloader/downloader.go:837.2,844.29 3 1
github.com/erigontech/erigon-db/downloader/downloader.go:844.29,850.3 2 0
github.com/erigontech/erigon-db/downloader/downloader.go:852.2,852.18 1 1
github.com/erigontech/erigon-db/downloader/downloader.go:858.81,860.8 2 0
github.com/erigontech/erigon-db/downloader/downloader.go:860.8,861.18 1 0
github.com/erigontech/erigon-db/downloader/downloader.go:861.18,862.34 1 0
github.com/erigontech/erigon-db/downloader/downloader.go:862.34,864.5 1 0
github.com/erigontech/erigon-db/downloader/downloader.go:865.9,866.22 1 0
github.com/erigontech/erigon-db/downloader/downloader.go:866.22,868.5 1 0
github.com/erigontech/erigon-db/downloader/downloader.go:869.4,869.42 1 0
github.com/erigontech/erigon-db/downloader/downloader.go:869.42,871.5 1 0
github.com/erigontech/erigon-db/downloader/downloader.go:876.2,877.16 2 0
github.com/erigontech/erigon-db/downloader/downloader.go:877.16,879.3 1 0
github.com/erigontech/erigon-db/downloader/downloader.go:880.2,881.16 2 0
github.com/erigontech/erigon-db/downloader/downloader.go:881.16,883.3 1 0
github.com/erigontech/erigon-db/downloader/downloader.go:884.2,885.16 2 0
github.com/erigontech/erigon-db/downloader/downloader.go:885.16,887.3 1 0
github.com/erigontech/erigon-db/downloader/downloader.go:888.2,888.12 1 0
github.com/erigontech/erigon-db/downloader/downloader.go:891.60,893.2 1 1
github.com/erigontech/erigon-db/downloader/downloader.go:897.90,900.36 3 1
github.com/erigontech/erigon-db/downloader/downloader.go:900.36,902.3 1 1
github.com/erigontech/erigon-db/downloader/downloader.go:903.2,903.27 1 0
github.com/erigontech/erigon-db/downloader/downloader.go:903.27,905.17 2 0
github.com/erigontech/erigon-db/downloader/downloader.go:905.17,907.4 1 0
github.com/erigontech/erigon-db/downloader/downloader.go:909.2,909.16 1 0
github.com/erigontech/erigon-db/downloader/downloader.go:909.16,913.3 3 0
github.com/erigontech/erigon-db/downloader/downloader.go:915.2,916.8 2 0
github.com/erigontech/erigon-db/downloader/downloader.go:919.56,921.2 1 1
github.com/erigontech/erigon-db/downloader/downloader.go:928.15,931.16 3 1
github.com/erigontech/erigon-db/downloader/downloader.go:931.16,934.3 2 1
github.com/erigontech/erigon-db/downloader/downloader.go:935.2,936.8 2 1
github.com/erigontech/erigon-db/downloader/downloader.go:945.35,947.41 2 1
github.com/erigontech/erigon-db/downloader/downloader.go:947.41,950.3 2 0
github.com/erigontech/erigon-db/downloader/downloader.go:951.2,951.91 1 1
github.com/erigontech/erigon-db/downloader/downloader.go:951.91,959.3 1 0
github.com/erigontech/erigon-db/downloader/downloader.go:961.2,961.37 1 1
github.com/erigontech/erigon-db/downloader/downloader.go:961.37,962.21 1 1
github.com/erigontech/erigon-db/downloader/downloader.go:962.21,964.4 1 0
github.com/erigontech/erigon-db/downloader/downloader.go:965.3,965.31 1 1
github.com/erigontech/erigon-db/downloader/downloader.go:968.2,969.16 2 1
github.com/erigontech/erigon-db/downloader/downloader.go:969.16,971.3 1 1
github.com/erigontech/erigon-db/downloader/downloader.go:972.2,972.9 1 1
github.com/erigontech/erigon-db/downloader/downloader.go:972.9,974.3 1 1
github.com/erigontech/erigon-db/downloader/downloader.go:977.2,983.36 5 1
github.com/erigontech/erigon-db/downloader/downloader.go:983.36,986.3 2 0
github.com/erigontech/erigon-db/downloader/downloader.go:987.2,988.16 2 1
github.com/erigontech/erigon-db/downloader/downloader.go:988.16,990.3 1 0
github.com/erigontech/erigon-db/downloader/downloader.go:991.2,991.9 1 1
github.com/erigontech/erigon-db/downloader/downloader.go:991.9,993.3 1 0
github.com/erigontech/erigon-db/downloader/downloader.go:995.2,996.20 2 1
github.com/erigontech/erigon-db/downloader/downloader.go:996.20,997.18 1 0
github.com/erigontech/erigon-db/downloader/downloader.go:997.18,998.39 1 0
github.com/erigontech/erigon-db/downloader/downloader.go:998.39,1004.5 1 0
github.com/erigontech/erigon-db/downloader/downloader.go:1008.2,1009.8 2 1
github.com/erigontech/erigon-db/downloader/downloader.go:1017.17,1018.30 1 1
github.com/erigontech/erigon-db/downloader/downloader.go:1018.30,1020.3 1 0
github.com/erigontech/erigon-db/downloader/downloader.go:1021.2,1022.8 2 1
github.com/erigontech/erigon-db/downloader/downloader.go:1022.8,1023.22 1 1
github.com/erigontech/erigon-db/downloader/downloader.go:1023.22,1025.4 1 1
github.com/erigontech/erigon-db/downloader/downloader.go:1025.9,1030.28 2 0
github.com/erigontech/erigon-db/downloader/downloader.go:1030.28,1032.5 1 0
github.com/erigontech/erigon-db/downloader/downloader.go:1034.8,1034.40 1 1
github.com/erigontech/erigon-db/downloader/downloader.go:1034.40,1036.3 1 1
github.com/erigontech/erigon-db/downloader/downloader.go:1037.2,1037.17 1 1
github.com/erigontech/erigon-db/downloader/downloader.go:1041.82,1043.17 1 1
github.com/erigontech/erigon-db/downloader/downloader.go:1043.17,1044.10 1 1
github.com/erigontech/erigon-db/downloader/downloader.go:1045.23,1046.10 1 1
github.com/erigontech/erigon-db/downloader/downloader.go:1047.22,1047.22 0 0
github.com/erigontech/erigon-db/downloader/downloader.go:1052.3,1053.22 2 0
github.com/erigontech/erigon-db/downloader/downloader.go:1053.22,1055.4 1 0
github.com/erigontech/erigon-db/downloader/downloader.go:1059.67,1060.6 1 0
github.com/erigontech/erigon-db/downloader/downloader.go:1060.6,1061.10 1 0
github.com/erigontech/erigon-db/downloader/downloader.go:1062.23,1063.10 1 0
github.com/erigontech/erigon-db/downloader/downloader.go:1064.28,1064.28 0 0
github.com/erigontech/erigon-db/downloader/downloader.go:1066.3,1066.10 1 0
github.com/erigontech/erigon-db/downloader/downloader.go:1067.23,1068.10 1 0
github.com/erigontech/erigon-db/downloader/downloader.go:1069.40,1069.40 0 0
github.com/erigontech/erigon-db/downloader/downloader.go:1072.3,1072.25 1 0
github.com/erigontech/erigon-db/downloader/downloader.go:1072.25,1075.64 3 0
github.com/erigontech/erigon-db/downloader/downloader.go:1075.64,1077.5 1 0
github.com/erigontech/erigon-db/downloader/downloader.go:1078.4,1079.18 2 0
github.com/erigontech/erigon-db/downloader/downloader.go:1079.18,1082.5 2 0
github.com/erigontech/erigon-db/downloader/downloader.go:1083.4,1084.18 2 0
github.com/erigontech/erigon-db/downloader/downloader.go:1084.18,1087.5 1 0
github.com/erigontech/erigon-db/downloader/downloader.go:1088.4,1088.15 1 0
github.com/erigontech/erigon-db/downloader/downloader.go:1089.7,1090.9 1 0
github.com/erigontech/erigon-db/downloader/downloader.go:1095.69,1096.26 1 0
github.com/erigontech/erigon-db/downloader/downloader.go:1096.26,1098.3 1 0
github.com/erigontech/erigon-db/downloader/downloader.go:1099.2,1099.37 1 0
github.com/erigontech/erigon-db/downloader/downloader.go:1099.37,1101.3 1 0
github.com/erigontech/erigon-db/downloader/downloader.go:1102.2,1102.12 1 0
github.com/erigontech/erigon-db/downloader/downloader.go:1105.61,1109.28 3 0
github.com/erigontech/erigon-db/downloader/downloader.go:1109.28,1111.3 1 0
github.com/erigontech/erigon-db/downloader/downloader.go:1112.2,1112.16 1 0
github.com/erigontech/erigon-db/downloader/downloader.go:1112.16,1114.3 1 0
github.com/erigontech/erigon-db/downloader/downloader.go:1115.2,1115.12 1 0
github.com/erigontech/erigon-db/downloader/downloader.go:1118.85,1120.16 2 0
github.com/erigontech/erigon-db/downloader/downloader.go:1120.16,1122.3 1 0
github.com/erigontech/erigon-db/downloader/downloader.go:1123.2,1124.16 2 0
github.com/erigontech/erigon-db/downloader/downloader.go:1124.16,1126.3 1 0
github.com/erigontech/erigon-db/downloader/downloader.go:1127.2,1128.16 2 0
github.com/erigontech/erigon-db/downloader/downloader.go:1128.16,1130.3 1 0
github.com/erigontech/erigon-db/downloader/downloader.go:1131.2,1132.16 2 0
github.com/erigontech/erigon-db/downloader/downloader.go:1132.16,1134.3 1 0
github.com/erigontech/erigon-db/downloader/downloader.go:1135.2,1136.9 2 0
github.com/erigontech/erigon-db/downloader/downloader.go:1136.9,1138.17 2 0
github.com/erigontech/erigon-db/downloader/downloader.go:1138.17,1140.4 1 0
github.com/erigontech/erigon-db/downloader/downloader.go:1143.2,1143.61 1 0
github.com/erigontech/erigon-db/downloader/downloader.go:1143.61,1145.17 2 0
github.com/erigontech/erigon-db/downloader/downloader.go:1145.17,1147.4 1 0
github.com/erigontech/erigon-db/downloader/downloader.go:1150.2,1150.54 1 0
github.com/erigontech/erigon-db/downloader/downloader.go:1153.120,1156.2 2 0
github.com/erigontech/erigon-db/downloader/downloader.go:1158.39,1162.2 3 0
github.com/erigontech/erigon-db/downloader/downloader.go:1164.30,1170.49 6 1
github.com/erigontech/erigon-db/downloader/downloader.go:1170.49,1172.3 1 0
github.com/erigontech/erigon-db/downloader/downloader.go:1173.2,1173.49 1 1
github.com/erigontech/erigon-db/downloader/downloader.go:1176.38,1179.2 2 0
github.com/erigontech/erigon-db/downloader/downloader.go:1181.54,1181.80 1 0
github.com/erigontech/erigon-db/downloader/downloader.go:1191.3,1193.61 1 1
github.com/erigontech/erigon-db/downloader/downloader.go:1193.61,1193.94 1 1
github.com/erigontech/erigon-db/downloader/downloader.go:1200.2,1200.24 1 1
github.com/erigontech/erigon-db/downloader/downloader.go:1213.3,1230.15 3 1
github.com/erigontech/erigon-db/downloader/downloader.go:1230.15,1231.17 1 1
github.com/erigontech/erigon-db/downloader/downloader.go:1231.17,1233.4 1 0
github.com/erigontech/erigon-db/downloader/downloader.go:1236.2,1240.16 4 1
github.com/erigontech/erigon-db/downloader/downloader.go:1240.16,1243.3 2 0
github.com/erigontech/erigon-db/downloader/downloader.go:1245.2,1245.12 1 1
github.com/erigontech/erigon-db/downloader/downloader.go:1245.12,1247.3 1 1
github.com/erigontech/erigon-db/downloader/downloader.go:1249.2,1249.8 1 1
github.com/erigontech/erigon-db/downloader/downloader.go:1252.50,1255.2 1 0
github.com/erigontech/erigon-db/downloader/downloader.go:1258.36,1262.23 3 0
github.com/erigontech/erigon-db/downloader/downloader.go:1262.23,1264.3 1 0
github.com/erigontech/erigon-db/downloader/downloader.go:1266.2,1278.36 8 0
github.com/erigontech/erigon-db/downloader/downloader.go:1278.36,1288.26 1 0
github.com/erigontech/erigon-db/downloader/downloader.go:1288.26,1289.24 1 0
github.com/erigontech/erigon-db/downloader/downloader.go:1289.24,1296.6 1 0
github.com/erigontech/erigon-db/downloader/downloader.go:1296.11,1298.6 1 0
github.com/erigontech/erigon-db/downloader/downloader.go:1309.2,1322.4 1 0
github.com/erigontech/erigon-db/downloader/downloader.go:1325.52,1326.15 1 0
github.com/erigontech/erigon-db/downloader/downloader.go:1326.15,1328.3 1 0
github.com/erigontech/erigon-db/downloader/downloader.go:1329.2,1329.113 1 0
github.com/erigontech/erigon-db/downloader/downloader.go:1332.39,1336.2 3 0
github.com/erigontech/erigon-db/downloader/downloader.go:1340.50,1341.97 1 0
github.com/erigontech/erigon-db/downloader/downloader.go:1341.97,1343.3 1 0
github.com/erigontech/erigon-db/downloader/downloader.go:1346.38,1348.12 2 1
github.com/erigontech/erigon-db/downloader/downloader.go:1348.12,1351.3 2 1
github.com/erigontech/erigon-db/downloader/downloader.go:1354.52,1356.2 1 0
github.com/erigontech/erigon-db/downloader/downloader.go:1359.54,1363.9 4 0
github.com/erigontech/erigon-db/downloader/downloader.go:1363.9,1365.3 1 0
github.com/erigontech/erigon-db/downloader/downloader.go:1366.2,1368.16 3 0
github.com/erigontech/erigon-db/downloader/downloader.go:1368.16,1370.37 2 0
github.com/erigontech/erigon-db/downloader/downloader.go:1370.37,1372.4 1 0
github.com/erigontech/erigon-db/downloader/downloader.go:1373.3,1373.85 1 0
github.com/erigontech/erigon-db/downloader/downloader.go:1375.2,1376.16 2 0
github.com/erigontech/erigon-db/downloader/downloader.go:1376.16,1378.3 1 0
github.com/erigontech/erigon-db/downloader/downloader.go:1379.2,1382.12 3 0
github.com/erigontech/erigon-db/downloader/downloader.go:1385.58,1387.2 1 1
github.com/erigontech/erigon-db/downloader/downloader_grpc_server.go:40.56,46.2 2 0
github.com/erigontech/erigon-db/downloader/downloader_grpc_server.go:53.139,55.2 1 0
github.com/erigontech/erigon-db/downloader/downloader_grpc_server.go:60.109,69.70 4 0
github.com/erigontech/erigon-db/downloader/downloader_grpc_server.go:69.70,71.3 1 0
github.com/erigontech/erigon-db/downloader/downloader_grpc_server.go:73.2,75.12 2 0
github.com/erigontech/erigon-db/downloader/downloader_grpc_server.go:75.12,76.25 1 0
github.com/erigontech/erigon-db/downloader/downloader_grpc_server.go:76.25,78.4 1 0
github.com/erigontech/erigon-db/downloader/downloader_grpc_server.go:79.3,81.7 3 0
github.com/erigontech/erigon-db/downloader/downloader_grpc_server.go:81.7,82.11 1 0
github.com/erigontech/erigon-db/downloader/downloader_grpc_server.go:83.22,84.11 1 0
github.com/erigontech/erigon-db/downloader/downloader_grpc_server.go:85.32,86.18 1 0
github.com/erigontech/erigon-db/downloader/downloader_grpc_server.go:88.4,88.17 1 0
github.com/erigontech/erigon-db/downloader/downloader_grpc_server.go:92.2,92.35 1 0
github.com/erigontech/erigon-db/downloader/downloader_grpc_server.go:92.35,94.20 2 0
github.com/erigontech/erigon-db/downloader/downloader_grpc_server.go:94.20,96.4 1 0
github.com/erigontech/erigon-db/downloader/downloader_grpc_server.go:98.3,98.28 1 0
github.com/erigontech/erigon-db/downloader/downloader_grpc_server.go:98.28,101.63 1 0
github.com/erigontech/erigon-db/downloader/downloader_grpc_server.go:101.63,103.5 1 0
github.com/erigontech/erigon-db/downloader/downloader_grpc_server.go:104.4,104.12 1 0
github.com/erigontech/erigon-db/downloader/downloader_grpc_server.go:105.9,107.59 2 0
github.com/erigontech/erigon-db/downloader/downloader_grpc_server.go:107.59,110.5 2 0
github.com/erigontech/erigon-db/downloader/downloader_grpc_server.go:113.2,115.30 2 0
github.com/erigontech/erigon-db/downloader/downloader_grpc_server.go:119.121,120.37 1 0
github.com/erigontech/erigon-db/downloader/downloader_grpc_server.go:120.37,121.17 1 0
github.com/erigontech/erigon-db/downloader/downloader_grpc_server.go:121.17,124.9 2 0
github.com/erigontech/erigon-db/downloader/downloader_grpc_server.go:126.3,126.43 1 0
github.com/erigontech/erigon-db/downloader/downloader_grpc_server.go:128.2,128.16 1 0
github.com/erigontech/erigon-db/downloader/downloader_grpc_server.go:128.16,130.3 1 0
github.com/erigontech/erigon-db/downloader/downloader_grpc_server.go:131.2,131.8 1 0
github.com/erigontech/erigon-db/downloader/downloader_grpc_server.go:134.56,136.2 1 0
github.com/erigontech/erigon-db/downloader/downloader_grpc_server.go:138.58,140.2 1 0
github.com/erigontech/erigon-db/downloader/downloader_grpc_server.go:142.127,146.2 2 0
github.com/erigontech/erigon-db/downloader/downloader_grpc_server.go:148.139,150.2 1 0
github.com/erigontech/erigon-db/downloader/mdbx_piece_completion.go:48.101,55.2 2 1
github.com/erigontech/erigon-db/downloader/mdbx_piece_completion.go:57.92,59.51 2 1
github.com/erigontech/erigon-db/downloader/mdbx_piece_completion.go:59.51,60.43 1 1
github.com/erigontech/erigon-db/downloader/mdbx_piece_completion.go:60.43,66.4 2 1
github.com/erigontech/erigon-db/downloader/mdbx_piece_completion.go:68.2,70.61 2 1
github.com/erigontech/erigon-db/downloader/mdbx_piece_completion.go:70.61,76.17 6 1
github.com/erigontech/erigon-db/downloader/mdbx_piece_completion.go:76.17,78.4 1 0
github.com/erigontech/erigon-db/downloader/mdbx_piece_completion.go:79.3,79.20 1 1
github.com/erigontech/erigon-db/downloader/mdbx_piece_completion.go:80.17,81.22 1 0
github.com/erigontech/erigon-db/downloader/mdbx_piece_completion.go:82.19,83.23 1 1
github.com/erigontech/erigon-db/downloader/mdbx_piece_completion.go:84.11,85.17 1 1
github.com/erigontech/erigon-db/downloader/mdbx_piece_completion.go:87.3,87.13 1 1
github.com/erigontech/erigon-db/downloader/mdbx_piece_completion.go:89.2,89.8 1 1
github.com/erigontech/erigon-db/downloader/mdbx_piece_completion.go:92.71,95.64 2 1
github.com/erigontech/erigon-db/downloader/mdbx_piece_completion.go:95.64,97.3 1 0
github.com/erigontech/erigon-db/downloader/mdbx_piece_completion.go:99.2,99.25 1 1
github.com/erigontech/erigon-db/downloader/mdbx_piece_completion.go:99.25,103.8 3 1
github.com/erigontech/erigon-db/downloader/mdbx_piece_completion.go:103.8,106.11 2 1
github.com/erigontech/erigon-db/downloader/mdbx_piece_completion.go:106.11,109.5 2 1
github.com/erigontech/erigon-db/downloader/mdbx_piece_completion.go:111.4,116.18 2 1
github.com/erigontech/erigon-db/downloader/mdbx_piece_completion.go:116.18,117.90 1 1
github.com/erigontech/erigon-db/downloader/mdbx_piece_completion.go:117.90,119.6 1 1
github.com/erigontech/erigon-db/downloader/mdbx_piece_completion.go:121.9,122.53 1 1
github.com/erigontech/erigon-db/downloader/mdbx_piece_completion.go:122.53,124.5 1 0
github.com/erigontech/erigon-db/downloader/mdbx_piece_completion.go:126.3,126.14 1 1
github.com/erigontech/erigon-db/downloader/mdbx_piece_completion.go:129.2,129.14 1 1
github.com/erigontech/erigon-db/downloader/mdbx_piece_completion.go:129.14,131.3 1 1
github.com/erigontech/erigon-db/downloader/mdbx_piece_completion.go:136.2,136.16 1 1
github.com/erigontech/erigon-db/downloader/mdbx_piece_completion.go:136.16,137.67 1 1
github.com/erigontech/erigon-db/downloader/mdbx_piece_completion.go:137.67,139.4 1 1
github.com/erigontech/erigon-db/downloader/mdbx_piece_completion.go:144.2,144.43 1 0
github.com/erigontech/erigon-db/downloader/mdbx_piece_completion.go:144.43,146.3 1 0
github.com/erigontech/erigon-db/downloader/mdbx_piece_completion.go:149.81,155.7 5 1
github.com/erigontech/erigon-db/downloader/mdbx_piece_completion.go:155.7,157.3 1 0
github.com/erigontech/erigon-db/downloader/mdbx_piece_completion.go:159.2,159.51 1 1
github.com/erigontech/erigon-db/downloader/mdbx_piece_completion.go:162.85,168.16 4 0
github.com/erigontech/erigon-db/downloader/mdbx_piece_completion.go:168.16,171.3 2 0
github.com/erigontech/erigon-db/downloader/mdbx_piece_completion.go:173.2,179.16 4 0
github.com/erigontech/erigon-db/downloader/mdbx_piece_completion.go:179.16,181.3 1 0
github.com/erigontech/erigon-db/downloader/mdbx_piece_completion.go:184.100,185.48 1 0
github.com/erigontech/erigon-db/downloader/mdbx_piece_completion.go:185.48,189.35 3 0
github.com/erigontech/erigon-db/downloader/mdbx_piece_completion.go:189.35,190.44 1 0
github.com/erigontech/erigon-db/downloader/mdbx_piece_completion.go:190.44,194.5 2 0
github.com/erigontech/erigon-db/downloader/mdbx_piece_completion.go:197.3,199.26 2 0
github.com/erigontech/erigon-db/downloader/mdbx_piece_completion.go:199.26,201.4 1 0
github.com/erigontech/erigon-db/downloader/mdbx_piece_completion.go:204.2,206.9 2 0
github.com/erigontech/erigon-db/downloader/mdbx_piece_completion.go:206.9,209.3 2 0
github.com/erigontech/erigon-db/downloader/mdbx_piece_completion.go:211.2,211.24 1 0
github.com/erigontech/erigon-db/downloader/mdbx_piece_completion.go:214.45,217.2 2 1
github.com/erigontech/erigon-db/downloader/rclone.go:62.49,63.23 1 0
github.com/erigontech/erigon-db/downloader/rclone.go:63.23,65.3 1 0
github.com/erigontech/erigon-db/downloader/rclone.go:67.2,67.28 1 0
github.com/erigontech/erigon-db/downloader/rclone.go:70.36,71.23 1 0
github.com/erigontech/erigon-db/downloader/rclone.go:71.23,73.3 1 0
github.com/erigontech/erigon-db/downloader/rclone.go:75.2,75.10 1 0
github.com/erigontech/erigon-db/downloader/rclone.go:78.34,79.23 1 0
github.com/erigontech/erigon-db/downloader/rclone.go:79.23,81.3 1 0
github.com/erigontech/erigon-db/downloader/rclone.go:83.2,83.10 1 0
github.com/erigontech/erigon-db/downloader/rclone.go:86.43,87.23 1 0
github.com/erigontech/erigon-db/downloader/rclone.go:87.23,89.3 1 0
github.com/erigontech/erigon-db/downloader/rclone.go:91.2,91.12 1 0
github.com/erigontech/erigon-db/downloader/rclone.go:108.55,113.22 3 0
github.com/erigontech/erigon-db/downloader/rclone.go:113.22,115.3 1 0
github.com/erigontech/erigon-db/downloader/rclone.go:117.2,119.38 2 0
github.com/erigontech/erigon-db/downloader/rclone.go:119.38,128.42 7 0
github.com/erigontech/erigon-db/downloader/rclone.go:128.42,132.4 3 0
github.com/erigontech/erigon-db/downloader/rclone.go:132.9,134.4 1 0
github.com/erigontech/erigon-db/downloader/rclone.go:136.3,136.13 1 0
github.com/erigontech/erigon-db/downloader/rclone.go:136.13,140.8 3 0
github.com/erigontech/erigon-db/downloader/rclone.go:140.8,141.12 1 0
github.com/erigontech/erigon-db/downloader/rclone.go:142.26,143.15 1 0
github.com/erigontech/erigon-db/downloader/rclone.go:144.43,145.15 1 0
github.com/erigontech/erigon-db/downloader/rclone.go:147.32,148.26 1 0
github.com/erigontech/erigon-db/downloader/rclone.go:154.2,154.12 1 0
github.com/erigontech/erigon-db/downloader/rclone.go:157.75,160.16 2 0
github.com/erigontech/erigon-db/downloader/rclone.go:160.16,162.3 1 0
github.com/erigontech/erigon-db/downloader/rclone.go:164.2,170.16 3 0
github.com/erigontech/erigon-db/downloader/rclone.go:170.16,172.3 1 0
github.com/erigontech/erigon-db/downloader/rclone.go:174.2,174.29 1 0
github.com/erigontech/erigon-db/downloader/rclone.go:212.73,215.16 2 0
github.com/erigontech/erigon-db/downloader/rclone.go:215.16,217.3 1 0
github.com/erigontech/erigon-db/downloader/rclone.go:219.2,223.16 3 0
github.com/erigontech/erigon-db/downloader/rclone.go:223.16,225.3 1 0
github.com/erigontech/erigon-db/downloader/rclone.go:227.2,227.20 1 0
github.com/erigontech/erigon-db/downloader/rclone.go:230.48,231.22 1 0
github.com/erigontech/erigon-db/downloader/rclone.go:231.22,233.3 1 0
github.com/erigontech/erigon-db/downloader/rclone.go:235.2,235.10 1 0
github.com/erigontech/erigon-db/downloader/rclone.go:238.74,239.45 1 0
github.com/erigontech/erigon-db/downloader/rclone.go:239.45,246.3 4 0
github.com/erigontech/erigon-db/downloader/rclone.go:249.85,257.2 2 0
github.com/erigontech/erigon-db/downloader/rclone.go:259.80,262.2 2 0
github.com/erigontech/erigon-db/downloader/rclone.go:264.84,267.2 2 0
github.com/erigontech/erigon-db/downloader/rclone.go:269.40,271.28 2 0
github.com/erigontech/erigon-db/downloader/rclone.go:271.28,273.3 1 0
github.com/erigontech/erigon-db/downloader/rclone.go:274.2,274.14 1 0
github.com/erigontech/erigon-db/downloader/rclone.go:279.144,281.16 2 0
github.com/erigontech/erigon-db/downloader/rclone.go:281.16,283.3 1 0
github.com/erigontech/erigon-db/downloader/rclone.go:284.2,284.64 1 0
github.com/erigontech/erigon-db/downloader/rclone.go:284.64,286.3 1 0
github.com/erigontech/erigon-db/downloader/rclone.go:287.2,287.30 1 0
github.com/erigontech/erigon-db/downloader/rclone.go:287.30,289.3 1 0
github.com/erigontech/erigon-db/downloader/rclone.go:291.2,292.9 2 0
github.com/erigontech/erigon-db/downloader/rclone.go:293.22,294.56 1 0
github.com/erigontech/erigon-db/downloader/rclone.go:295.20,296.53 1 0
github.com/erigontech/erigon-db/downloader/rclone.go:296.53,298.4 1 0
github.com/erigontech/erigon-db/downloader/rclone.go:299.3,299.19 1 0
github.com/erigontech/erigon-db/downloader/rclone.go:303.96,306.17 2 0
github.com/erigontech/erigon-db/downloader/rclone.go:306.17,309.17 2 0
github.com/erigontech/erigon-db/downloader/rclone.go:309.17,311.4 1 0
github.com/erigontech/erigon-db/downloader/rclone.go:313.3,313.51 1 0
github.com/erigontech/erigon-db/downloader/rclone.go:316.2,318.16 2 0
github.com/erigontech/erigon-db/downloader/rclone.go:318.16,320.3 1 0
github.com/erigontech/erigon-db/downloader/rclone.go:322.2,322.30 1 0
github.com/erigontech/erigon-db/downloader/rclone.go:322.30,324.3 1 0
github.com/erigontech/erigon-db/downloader/rclone.go:326.2,331.51 4 0
github.com/erigontech/erigon-db/downloader/rclone.go:331.51,334.3 2 0
github.com/erigontech/erigon-db/downloader/rclone.go:336.2,336.16 1 0
github.com/erigontech/erigon-db/downloader/rclone.go:336.16,338.3 1 0
github.com/erigontech/erigon-db/downloader/rclone.go:340.2,342.42 2 0
github.com/erigontech/erigon-db/downloader/rclone.go:342.42,347.109 2 0
github.com/erigontech/erigon-db/downloader/rclone.go:347.109,350.52 2 0
github.com/erigontech/erigon-db/downloader/rclone.go:350.52,352.5 1 0
github.com/erigontech/erigon-db/downloader/rclone.go:354.4,355.95 2 0
github.com/erigontech/erigon-db/downloader/rclone.go:358.3,360.51 2 0
github.com/erigontech/erigon-db/downloader/rclone.go:360.51,362.4 1 0
github.com/erigontech/erigon-db/downloader/rclone.go:364.3,365.70 2 0
github.com/erigontech/erigon-db/downloader/rclone.go:368.2,368.34 1 0
github.com/erigontech/erigon-db/downloader/rclone.go:388.64,391.26 2 0
github.com/erigontech/erigon-db/downloader/rclone.go:391.26,393.3 1 0
github.com/erigontech/erigon-db/downloader/rclone.go:395.2,395.16 1 0
github.com/erigontech/erigon-db/downloader/rclone.go:395.16,397.3 1 0
github.com/erigontech/erigon-db/downloader/rclone.go:399.2,399.23 1 0
github.com/erigontech/erigon-db/downloader/rclone.go:402.39,403.68 1 0
github.com/erigontech/erigon-db/downloader/rclone.go:403.68,405.3 1 0
github.com/erigontech/erigon-db/downloader/rclone.go:405.8,406.52 1 0
github.com/erigontech/erigon-db/downloader/rclone.go:406.52,408.4 1 0
github.com/erigontech/erigon-db/downloader/rclone.go:408.9,411.4 2 0
github.com/erigontech/erigon-db/downloader/rclone.go:415.134,428.12 3 0
github.com/erigontech/erigon-db/downloader/rclone.go:428.12,429.43 1 0
github.com/erigontech/erigon-db/downloader/rclone.go:429.43,430.62 1 0
github.com/erigontech/erigon-db/downloader/rclone.go:430.62,432.5 1 0
github.com/erigontech/erigon-db/downloader/rclone.go:435.3,435.25 1 0
github.com/erigontech/erigon-db/downloader/rclone.go:438.2,438.21 1 0
github.com/erigontech/erigon-db/downloader/rclone.go:441.47,443.2 1 0
github.com/erigontech/erigon-db/downloader/rclone.go:445.46,447.2 1 0
github.com/erigontech/erigon-db/downloader/rclone.go:449.32,451.2 1 0
github.com/erigontech/erigon-db/downloader/rclone.go:461.76,466.29 3 0
github.com/erigontech/erigon-db/downloader/rclone.go:466.29,469.35 2 0
github.com/erigontech/erigon-db/downloader/rclone.go:469.35,472.18 2 0
github.com/erigontech/erigon-db/downloader/rclone.go:472.18,475.5 2 0
github.com/erigontech/erigon-db/downloader/rclone.go:477.4,477.62 1 0
github.com/erigontech/erigon-db/downloader/rclone.go:477.62,480.5 2 0
github.com/erigontech/erigon-db/downloader/rclone.go:482.4,482.10 1 0
github.com/erigontech/erigon-db/downloader/rclone.go:482.10,484.5 1 0
github.com/erigontech/erigon-db/downloader/rclone.go:484.10,490.81 2 0
github.com/erigontech/erigon-db/downloader/rclone.go:490.81,491.21 1 0
github.com/erigontech/erigon-db/downloader/rclone.go:491.22,493.7 0 0
github.com/erigontech/erigon-db/downloader/rclone.go:493.12,495.7 1 0
github.com/erigontech/erigon-db/downloader/rclone.go:498.5,498.25 1 0
github.com/erigontech/erigon-db/downloader/rclone.go:500.9,502.4 1 0
github.com/erigontech/erigon-db/downloader/rclone.go:505.2,518.15 4 0
github.com/erigontech/erigon-db/downloader/rclone.go:521.78,527.43 3 0
github.com/erigontech/erigon-db/downloader/rclone.go:527.43,531.41 3 0
github.com/erigontech/erigon-db/downloader/rclone.go:531.41,532.33 1 0
github.com/erigontech/erigon-db/downloader/rclone.go:532.33,535.5 2 0
github.com/erigontech/erigon-db/downloader/rclone.go:538.3,538.30 1 0
github.com/erigontech/erigon-db/downloader/rclone.go:538.30,554.4 2 0
github.com/erigontech/erigon-db/downloader/rclone.go:555.8,558.24 2 0
github.com/erigontech/erigon-db/downloader/rclone.go:558.24,561.18 3 0
github.com/erigontech/erigon-db/downloader/rclone.go:561.18,563.5 1 0
github.com/erigontech/erigon-db/downloader/rclone.go:564.4,564.12 1 0
github.com/erigontech/erigon-db/downloader/rclone.go:567.3,567.30 1 0
github.com/erigontech/erigon-db/downloader/rclone.go:567.30,570.40 2 0
github.com/erigontech/erigon-db/downloader/rclone.go:570.40,573.5 2 0
github.com/erigontech/erigon-db/downloader/rclone.go:575.4,575.24 1 0
github.com/erigontech/erigon-db/downloader/rclone.go:578.3,586.7 2 0
github.com/erigontech/erigon-db/downloader/rclone.go:589.2,593.15 3 0
github.com/erigontech/erigon-db/downloader/rclone.go:596.82,599.16 2 0
github.com/erigontech/erigon-db/downloader/rclone.go:599.16,601.3 1 0
github.com/erigontech/erigon-db/downloader/rclone.go:603.2,607.16 3 0
github.com/erigontech/erigon-db/downloader/rclone.go:607.16,609.3 1 0
github.com/erigontech/erigon-db/downloader/rclone.go:611.2,611.36 1 0
github.com/erigontech/erigon-db/downloader/rclone.go:611.36,613.3 1 0
github.com/erigontech/erigon-db/downloader/rclone.go:615.2,615.20 1 0
github.com/erigontech/erigon-db/downloader/rclone.go:618.82,620.2 1 0
github.com/erigontech/erigon-db/downloader/rclone.go:622.40,624.2 1 0
github.com/erigontech/erigon-db/downloader/rclone.go:643.35,645.2 1 0
github.com/erigontech/erigon-db/downloader/rclone.go:647.34,649.2 1 0
github.com/erigontech/erigon-db/downloader/rclone.go:651.40,653.2 1 0
github.com/erigontech/erigon-db/downloader/rclone.go:655.41,657.2 1 0
github.com/erigontech/erigon-db/downloader/rclone.go:659.34,661.2 1 0
github.com/erigontech/erigon-db/downloader/rclone.go:663.31,665.2 1 0
github.com/erigontech/erigon-db/downloader/rclone.go:671.33,673.2 1 0
github.com/erigontech/erigon-db/downloader/rclone.go:675.32,677.2 1 0
github.com/erigontech/erigon-db/downloader/rclone.go:679.38,681.2 1 0
github.com/erigontech/erigon-db/downloader/rclone.go:683.47,685.2 1 0
github.com/erigontech/erigon-db/downloader/rclone.go:689.97,690.26 1 0
github.com/erigontech/erigon-db/downloader/rclone.go:690.26,692.3 1 0
github.com/erigontech/erigon-db/downloader/rclone.go:694.2,701.31 6 0
github.com/erigontech/erigon-db/downloader/rclone.go:701.31,710.17 2 0
github.com/erigontech/erigon-db/downloader/rclone.go:710.17,712.4 1 0
github.com/erigontech/erigon-db/downloader/rclone.go:714.3,717.17 2 0
github.com/erigontech/erigon-db/downloader/rclone.go:717.17,719.4 1 0
github.com/erigontech/erigon-db/downloader/rclone.go:721.3,725.27 3 0
github.com/erigontech/erigon-db/downloader/rclone.go:725.27,727.18 2 0
github.com/erigontech/erigon-db/downloader/rclone.go:727.18,728.10 1 0
github.com/erigontech/erigon-db/downloader/rclone.go:730.4,730.31 1 0
github.com/erigontech/erigon-db/downloader/rclone.go:733.3,733.17 1 0
github.com/erigontech/erigon-db/downloader/rclone.go:733.17,735.4 1 0
github.com/erigontech/erigon-db/downloader/rclone.go:737.3,739.43 2 0
github.com/erigontech/erigon-db/downloader/rclone.go:739.43,745.51 3 0
github.com/erigontech/erigon-db/downloader/rclone.go:745.51,746.50 1 0
github.com/erigontech/erigon-db/downloader/rclone.go:746.50,748.6 1 0
github.com/erigontech/erigon-db/downloader/rclone.go:751.4,751.90 1 0
github.com/erigontech/erigon-db/downloader/rclone.go:754.3,758.78 2 0
github.com/erigontech/erigon-db/downloader/rclone.go:758.78,760.4 1 0
github.com/erigontech/erigon-db/downloader/rclone.go:762.3,762.40 1 0
github.com/erigontech/erigon-db/downloader/rclone.go:762.40,766.42 3 0
github.com/erigontech/erigon-db/downloader/rclone.go:766.42,770.84 3 0
github.com/erigontech/erigon-db/downloader/rclone.go:770.84,771.21 1 0
github.com/erigontech/erigon-db/downloader/rclone.go:771.22,773.7 0 0
github.com/erigontech/erigon-db/downloader/rclone.go:773.12,775.7 1 0
github.com/erigontech/erigon-db/downloader/rclone.go:776.11,778.6 1 0
github.com/erigontech/erigon-db/downloader/rclone.go:780.10,787.84 2 0
github.com/erigontech/erigon-db/downloader/rclone.go:787.84,788.21 1 0
github.com/erigontech/erigon-db/downloader/rclone.go:788.22,790.7 0 0
github.com/erigontech/erigon-db/downloader/rclone.go:790.12,792.7 1 0
github.com/erigontech/erigon-db/downloader/rclone.go:795.5,795.28 1 0
github.com/erigontech/erigon-db/downloader/rclone.go:797.4,797.14 1 0
github.com/erigontech/erigon-db/downloader/rclone.go:801.2,803.31 2 0
github.com/erigontech/erigon-db/downloader/rclone.go:803.31,804.31 1 0
github.com/erigontech/erigon-db/downloader/rclone.go:804.31,806.4 1 0
github.com/erigontech/erigon-db/downloader/rclone.go:809.2,809.54 1 0
github.com/erigontech/erigon-db/downloader/rclone.go:809.54,811.3 1 0
github.com/erigontech/erigon-db/downloader/rclone.go:813.2,813.21 1 0
github.com/erigontech/erigon-db/downloader/rclone.go:838.56,839.50 1 0
github.com/erigontech/erigon-db/downloader/rclone.go:839.50,841.3 1 0
github.com/erigontech/erigon-db/downloader/rclone.go:843.2,849.37 5 0
github.com/erigontech/erigon-db/downloader/rclone.go:849.37,850.10 1 0
github.com/erigontech/erigon-db/downloader/rclone.go:851.31,852.36 1 0
github.com/erigontech/erigon-db/downloader/rclone.go:853.41,854.42 1 0
github.com/erigontech/erigon-db/downloader/rclone.go:855.11,856.36 1 0
github.com/erigontech/erigon-db/downloader/rclone.go:859.3,861.10 2 0
github.com/erigontech/erigon-db/downloader/rclone.go:862.29,864.10 2 0
github.com/erigontech/erigon-db/downloader/rclone.go:865.23,865.23 0 0
github.com/erigontech/erigon-db/downloader/rclone.go:868.3,872.23 4 0
github.com/erigontech/erigon-db/downloader/rclone.go:872.23,874.4 1 0
github.com/erigontech/erigon-db/downloader/rclone.go:874.9,876.4 1 0
github.com/erigontech/erigon-db/downloader/rclone.go:879.2,879.12 1 0
github.com/erigontech/erigon-db/downloader/rclone.go:879.12,883.10 3 0
github.com/erigontech/erigon-db/downloader/rclone.go:884.22,885.84 1 0
github.com/erigontech/erigon-db/downloader/rclone.go:885.84,887.5 1 0
github.com/erigontech/erigon-db/downloader/rclone.go:889.4,894.24 5 0
github.com/erigontech/erigon-db/downloader/rclone.go:894.24,896.5 1 0
github.com/erigontech/erigon-db/downloader/rclone.go:898.4,898.10 1 0
github.com/erigontech/erigon-db/downloader/rclone.go:899.21,900.84 1 0
github.com/erigontech/erigon-db/downloader/rclone.go:900.84,902.5 1 0
github.com/erigontech/erigon-db/downloader/rclone.go:906.2,906.12 1 0
github.com/erigontech/erigon-db/downloader/rclone.go:906.12,907.32 1 0
github.com/erigontech/erigon-db/downloader/rclone.go:907.32,909.25 1 0
github.com/erigontech/erigon-db/downloader/rclone.go:909.25,911.13 2 0
github.com/erigontech/erigon-db/downloader/rclone.go:914.4,914.26 1 0
github.com/erigontech/erigon-db/downloader/rclone.go:914.26,915.23 1 0
github.com/erigontech/erigon-db/downloader/rclone.go:915.23,918.19 2 0
github.com/erigontech/erigon-db/downloader/rclone.go:918.19,920.35 2 0
github.com/erigontech/erigon-db/downloader/rclone.go:920.35,923.29 2 0
github.com/erigontech/erigon-db/downloader/rclone.go:923.29,925.9 1 0
github.com/erigontech/erigon-db/downloader/rclone.go:927.8,930.35 3 0
github.com/erigontech/erigon-db/downloader/rclone.go:930.35,932.9 1 0
github.com/erigontech/erigon-db/downloader/rclone.go:932.14,934.9 1 0
github.com/erigontech/erigon-db/downloader/rclone.go:936.8,936.14 1 0
github.com/erigontech/erigon-db/downloader/rclone.go:940.6,940.30 1 0
github.com/erigontech/erigon-db/downloader/rclone.go:940.30,943.7 2 0
github.com/erigontech/erigon-db/downloader/rclone.go:945.6,945.43 1 0
github.com/erigontech/erigon-db/downloader/rclone.go:945.43,946.48 1 0
github.com/erigontech/erigon-db/downloader/rclone.go:946.48,947.56 1 0
github.com/erigontech/erigon-db/downloader/rclone.go:947.56,949.30 1 0
github.com/erigontech/erigon-db/downloader/rclone.go:949.30,951.10 1 0
github.com/erigontech/erigon-db/downloader/rclone.go:951.15,953.10 1 0
github.com/erigontech/erigon-db/downloader/rclone.go:955.9,955.19 1 0
github.com/erigontech/erigon-db/downloader/rclone.go:957.13,958.52 1 0
github.com/erigontech/erigon-db/downloader/rclone.go:958.52,960.30 1 0
github.com/erigontech/erigon-db/downloader/rclone.go:960.30,962.10 1 0
github.com/erigontech/erigon-db/downloader/rclone.go:962.15,964.10 1 0
github.com/erigontech/erigon-db/downloader/rclone.go:966.9,966.19 1 0
github.com/erigontech/erigon-db/downloader/rclone.go:971.6,971.36 1 0
github.com/erigontech/erigon-db/downloader/rclone.go:971.36,982.7 5 0
github.com/erigontech/erigon-db/downloader/rclone.go:984.6,985.16 2 0
github.com/erigontech/erigon-db/downloader/rclone.go:990.3,992.34 2 0
github.com/erigontech/erigon-db/downloader/rclone.go:992.34,994.4 1 0
github.com/erigontech/erigon-db/downloader/torrent_files.go:43.54,45.2 1 1
github.com/erigontech/erigon-db/downloader/torrent_files.go:47.62,51.2 3 1
github.com/erigontech/erigon-db/downloader/torrent_files.go:53.62,54.42 1 1
github.com/erigontech/erigon-db/downloader/torrent_files.go:54.42,56.3 1 1
github.com/erigontech/erigon-db/downloader/torrent_files.go:57.2,57.71 1 1
github.com/erigontech/erigon-db/downloader/torrent_files.go:60.54,64.2 3 0
github.com/erigontech/erigon-db/downloader/torrent_files.go:66.54,67.42 1 0
github.com/erigontech/erigon-db/downloader/torrent_files.go:67.42,69.3 1 0
github.com/erigontech/erigon-db/downloader/torrent_files.go:70.2,70.47 1 0
github.com/erigontech/erigon-db/downloader/torrent_files.go:73.76,76.16 3 0
github.com/erigontech/erigon-db/downloader/torrent_files.go:76.16,78.3 1 0
github.com/erigontech/erigon-db/downloader/torrent_files.go:80.2,81.15 2 0
github.com/erigontech/erigon-db/downloader/torrent_files.go:81.15,82.14 1 0
github.com/erigontech/erigon-db/downloader/torrent_files.go:82.14,84.4 1 0
github.com/erigontech/erigon-db/downloader/torrent_files.go:87.3,87.41 1 0
github.com/erigontech/erigon-db/downloader/torrent_files.go:89.2,90.15 2 0
github.com/erigontech/erigon-db/downloader/torrent_files.go:90.15,91.13 1 0
github.com/erigontech/erigon-db/downloader/torrent_files.go:91.13,93.4 1 0
github.com/erigontech/erigon-db/downloader/torrent_files.go:94.3,94.36 1 0
github.com/erigontech/erigon-db/downloader/torrent_files.go:96.2,97.16 2 0
github.com/erigontech/erigon-db/downloader/torrent_files.go:97.16,99.3 1 0
github.com/erigontech/erigon-db/downloader/torrent_files.go:100.2,101.16 2 0
github.com/erigontech/erigon-db/downloader/torrent_files.go:101.16,103.3 1 0
github.com/erigontech/erigon-db/downloader/torrent_files.go:105.2,107.16 3 0
github.com/erigontech/erigon-db/downloader/torrent_files.go:107.16,109.3 1 0
github.com/erigontech/erigon-db/downloader/torrent_files.go:110.2,111.16 2 0
github.com/erigontech/erigon-db/downloader/torrent_files.go:111.16,113.3 1 0
github.com/erigontech/erigon-db/downloader/torrent_files.go:114.2,115.8 2 0
github.com/erigontech/erigon-db/downloader/torrent_files.go:118.89,120.12 2 0
github.com/erigontech/erigon-db/downloader/torrent_files.go:120.12,122.3 1 0
github.com/erigontech/erigon-db/downloader/torrent_files.go:123.2,123.30 1 0
github.com/erigontech/erigon-db/downloader/torrent_files.go:128.133,130.42 2 0
github.com/erigontech/erigon-db/downloader/torrent_files.go:130.42,132.3 1 0
github.com/erigontech/erigon-db/downloader/torrent_files.go:133.2,134.16 2 0
github.com/erigontech/erigon-db/downloader/torrent_files.go:134.16,136.3 1 0
github.com/erigontech/erigon-db/downloader/torrent_files.go:138.2,142.16 4 0
github.com/erigontech/erigon-db/downloader/torrent_files.go:142.16,144.3 1 0
github.com/erigontech/erigon-db/downloader/torrent_files.go:145.2,145.12 1 0
github.com/erigontech/erigon-db/downloader/torrent_files.go:145.12,147.3 1 0
github.com/erigontech/erigon-db/downloader/torrent_files.go:148.2,148.55 1 0
github.com/erigontech/erigon-db/downloader/torrent_files.go:148.55,150.3 1 0
github.com/erigontech/erigon-db/downloader/torrent_files.go:151.2,151.18 1 0
github.com/erigontech/erigon-db/downloader/torrent_files.go:154.82,158.2 3 0
github.com/erigontech/erigon-db/downloader/torrent_files.go:160.83,164.2 3 0
github.com/erigontech/erigon-db/downloader/torrent_files.go:166.77,167.43 1 0
github.com/erigontech/erigon-db/downloader/torrent_files.go:167.43,169.3 1 0
github.com/erigontech/erigon-db/downloader/torrent_files.go:170.2,171.16 2 0
github.com/erigontech/erigon-db/downloader/torrent_files.go:171.16,173.3 1 0
github.com/erigontech/erigon-db/downloader/torrent_files.go:174.2,175.47 2 0
github.com/erigontech/erigon-db/downloader/torrent_files.go:183.65,187.2 3 0
github.com/erigontech/erigon-db/downloader/torrent_files.go:189.65,192.16 2 0
github.com/erigontech/erigon-db/downloader/torrent_files.go:192.16,194.3 1 0
github.com/erigontech/erigon-db/downloader/torrent_files.go:195.2,198.16 4 0
github.com/erigontech/erigon-db/downloader/torrent_files.go:198.16,200.3 1 0
github.com/erigontech/erigon-db/downloader/torrent_files.go:201.2,201.35 1 0
github.com/erigontech/erigon-db/downloader/torrent_files.go:201.35,202.79 1 0
github.com/erigontech/erigon-db/downloader/torrent_files.go:202.79,204.4 1 0
github.com/erigontech/erigon-db/downloader/torrent_files.go:206.2,206.40 1 0
github.com/erigontech/erigon-db/downloader/torrent_files.go:206.40,208.3 1 0
github.com/erigontech/erigon-db/downloader/torrent_files.go:209.2,214.16 4 0
github.com/erigontech/erigon-db/downloader/torrent_files.go:214.16,216.3 1 0
github.com/erigontech/erigon-db/downloader/torrent_files.go:217.2,219.16 3 0
github.com/erigontech/erigon-db/downloader/torrent_files.go:219.16,221.3 1 0
github.com/erigontech/erigon-db/downloader/torrent_files.go:222.2,222.60 1 0
github.com/erigontech/erigon-db/downloader/torrent_files.go:222.60,224.3 1 0
github.com/erigontech/erigon-db/downloader/torrent_files.go:226.2,226.17 1 0
github.com/erigontech/erigon-db/downloader/torrent_files.go:229.59,232.2 1 0
github.com/erigontech/erigon-db/downloader/util.go:69.99,71.23 2 0
github.com/erigontech/erigon-db/downloader/util.go:71.23,73.3 1 0
github.com/erigontech/erigon-db/downloader/util.go:74.2,75.16 2 0
github.com/erigontech/erigon-db/downloader/util.go:75.16,77.3 1 0
github.com/erigontech/erigon-db/downloader/util.go:79.2,82.30 3 0
github.com/erigontech/erigon-db/downloader/util.go:82.30,85.58 2 0
github.com/erigontech/erigon-db/downloader/util.go:85.58,87.12 2 0
github.com/erigontech/erigon-db/downloader/util.go:89.3,89.72 1 0
github.com/erigontech/erigon-db/downloader/util.go:89.72,91.12 2 0
github.com/erigontech/erigon-db/downloader/util.go:93.3,93.62 1 0
github.com/erigontech/erigon-db/downloader/util.go:93.62,94.12 1 0
github.com/erigontech/erigon-db/downloader/util.go:96.3,97.49 2 0
github.com/erigontech/erigon-db/downloader/util.go:97.49,98.12 1 0
github.com/erigontech/erigon-db/downloader/util.go:100.3,100.52 1 0
github.com/erigontech/erigon-db/downloader/util.go:100.52,101.12 1 0
github.com/erigontech/erigon-db/downloader/util.go:103.3,103.26 1 0
github.com/erigontech/erigon-db/downloader/util.go:105.2,105.17 1 0
github.com/erigontech/erigon-db/downloader/util.go:108.95,112.23 4 0
github.com/erigontech/erigon-db/downloader/util.go:112.23,114.3 1 0
github.com/erigontech/erigon-db/downloader/util.go:115.2,116.16 2 0
github.com/erigontech/erigon-db/downloader/util.go:116.16,118.3 1 0
github.com/erigontech/erigon-db/downloader/util.go:119.2,120.30 2 0
github.com/erigontech/erigon-db/downloader/util.go:120.30,122.55 2 0
github.com/erigontech/erigon-db/downloader/util.go:122.55,123.12 1 0
github.com/erigontech/erigon-db/downloader/util.go:125.3,125.49 1 0
github.com/erigontech/erigon-db/downloader/util.go:127.2,127.17 1 0
github.com/erigontech/erigon-db/downloader/util.go:130.61,131.27 1 1
github.com/erigontech/erigon-db/downloader/util.go:131.27,133.17 2 1
github.com/erigontech/erigon-db/downloader/util.go:133.17,135.4 1 0
github.com/erigontech/erigon-db/downloader/util.go:136.3,136.34 1 1
github.com/erigontech/erigon-db/downloader/util.go:136.34,138.4 1 1
github.com/erigontech/erigon-db/downloader/util.go:139.3,139.19 1 1
github.com/erigontech/erigon-db/downloader/util.go:141.2,141.30 1 1
github.com/erigontech/erigon-db/downloader/util.go:141.30,143.3 1 1
github.com/erigontech/erigon-db/downloader/util.go:144.2,144.19 1 1
github.com/erigontech/erigon-db/downloader/util.go:147.118,148.9 1 1
github.com/erigontech/erigon-db/downloader/util.go:149.20,150.26 1 0
github.com/erigontech/erigon-db/downloader/util.go:151.10,151.10 0 1
github.com/erigontech/erigon-db/downloader/util.go:153.2,154.16 2 1
github.com/erigontech/erigon-db/downloader/util.go:154.16,156.3 1 1
github.com/erigontech/erigon-db/downloader/util.go:158.2,159.16 2 1
github.com/erigontech/erigon-db/downloader/util.go:159.16,161.3 1 0
github.com/erigontech/erigon-db/downloader/util.go:162.2,162.12 1 1
github.com/erigontech/erigon-db/downloader/util.go:162.12,164.3 1 0
github.com/erigontech/erigon-db/downloader/util.go:166.2,168.16 3 1
github.com/erigontech/erigon-db/downloader/util.go:168.16,170.3 1 0
github.com/erigontech/erigon-db/downloader/util.go:171.2,171.13 1 1
github.com/erigontech/erigon-db/downloader/util.go:171.13,173.3 1 1
github.com/erigontech/erigon-db/downloader/util.go:175.2,176.54 2 0
github.com/erigontech/erigon-db/downloader/util.go:176.54,178.3 1 0
github.com/erigontech/erigon-db/downloader/util.go:179.2,181.51 2 0
github.com/erigontech/erigon-db/downloader/util.go:185.171,190.16 4 0
github.com/erigontech/erigon-db/downloader/util.go:190.16,192.3 1 0
github.com/erigontech/erigon-db/downloader/util.go:194.2,199.29 5 0
github.com/erigontech/erigon-db/downloader/util.go:199.29,202.28 2 0
github.com/erigontech/erigon-db/downloader/util.go:202.28,204.12 2 0
github.com/erigontech/erigon-db/downloader/util.go:207.3,207.21 1 0
github.com/erigontech/erigon-db/downloader/util.go:207.21,210.18 3 0
github.com/erigontech/erigon-db/downloader/util.go:210.18,212.5 1 0
github.com/erigontech/erigon-db/downloader/util.go:213.4,213.10 1 0
github.com/erigontech/erigon-db/downloader/util.go:213.10,215.5 1 0
github.com/erigontech/erigon-db/downloader/util.go:216.4,216.14 1 0
github.com/erigontech/erigon-db/downloader/util.go:220.1,221.33 1 0
github.com/erigontech/erigon-db/downloader/util.go:221.33,222.10 1 0
github.com/erigontech/erigon-db/downloader/util.go:223.21,224.14 1 0
github.com/erigontech/erigon-db/downloader/util.go:225.21,226.35 1 0
github.com/erigontech/erigon-db/downloader/util.go:226.35,227.15 1 0
github.com/erigontech/erigon-db/downloader/util.go:229.4,229.107 1 0
github.com/erigontech/erigon-db/downloader/util.go:232.2,232.33 1 0
github.com/erigontech/erigon-db/downloader/util.go:232.33,234.3 1 0
github.com/erigontech/erigon-db/downloader/util.go:235.2,235.39 1 0
github.com/erigontech/erigon-db/downloader/util.go:238.93,239.15 1 0
github.com/erigontech/erigon-db/downloader/util.go:239.15,241.17 2 0
github.com/erigontech/erigon-db/downloader/util.go:241.17,243.4 1 0
github.com/erigontech/erigon-db/downloader/util.go:244.3,250.4 1 0
github.com/erigontech/erigon-db/downloader/util.go:251.8,253.3 1 0
github.com/erigontech/erigon-db/downloader/util.go:254.2,254.16 1 0
github.com/erigontech/erigon-db/downloader/util.go:257.59,259.16 2 0
github.com/erigontech/erigon-db/downloader/util.go:259.16,261.3 1 0
github.com/erigontech/erigon-db/downloader/util.go:262.2,262.30 1 0
github.com/erigontech/erigon-db/downloader/util.go:262.30,264.3 1 0
github.com/erigontech/erigon-db/downloader/util.go:265.2,266.16 2 0
github.com/erigontech/erigon-db/downloader/util.go:266.16,268.3 1 0
github.com/erigontech/erigon-db/downloader/util.go:269.2,270.16 2 0
github.com/erigontech/erigon-db/downloader/util.go:270.16,272.3 1 0
github.com/erigontech/erigon-db/downloader/util.go:273.2,274.16 2 0
github.com/erigontech/erigon-db/downloader/util.go:274.16,276.3 1 0
github.com/erigontech/erigon-db/downloader/util.go:277.2,278.16 2 0
github.com/erigontech/erigon-db/downloader/util.go:278.16,280.3 1 0
github.com/erigontech/erigon-db/downloader/util.go:281.2,282.16 2 0
github.com/erigontech/erigon-db/downloader/util.go:282.16,284.3 1 0
github.com/erigontech/erigon-db/downloader/util.go:285.2,286.19 2 0
github.com/erigontech/erigon-db/downloader/util.go:289.112,291.16 2 0
github.com/erigontech/erigon-db/downloader/util.go:291.16,293.3 1 0
github.com/erigontech/erigon-db/downloader/util.go:294.2,294.30 1 0
github.com/erigontech/erigon-db/downloader/util.go:294.30,295.22 1 0
github.com/erigontech/erigon-db/downloader/util.go:295.22,296.12 1 0
github.com/erigontech/erigon-db/downloader/util.go:298.3,299.17 2 0
github.com/erigontech/erigon-db/downloader/util.go:299.17,301.4 1 0
github.com/erigontech/erigon-db/downloader/util.go:302.3,302.23 1 0
github.com/erigontech/erigon-db/downloader/util.go:304.2,304.17 1 0
github.com/erigontech/erigon-db/downloader/util.go:309.42,310.30 1 1
github.com/erigontech/erigon-db/downloader/util.go:310.30,311.70 1 0
github.com/erigontech/erigon-db/downloader/util.go:311.70,312.34 1 0
github.com/erigontech/erigon-db/downloader/util.go:312.34,314.5 1 0
github.com/erigontech/erigon-db/downloader/util.go:317.2,317.13 1 1
github.com/erigontech/erigon-db/downloader/util.go:327.47,339.16 7 1
github.com/erigontech/erigon-db/downloader/util.go:339.16,341.3 1 0
github.com/erigontech/erigon-db/downloader/util.go:342.2,346.8 5 1
github.com/erigontech/erigon-db/downloader/util.go:349.58,350.64 1 1
github.com/erigontech/erigon-db/downloader/util.go:350.64,352.3 1 1
github.com/erigontech/erigon-db/downloader/util.go:355.56,356.62 1 1
github.com/erigontech/erigon-db/downloader/util.go:356.62,358.17 2 1
github.com/erigontech/erigon-db/downloader/util.go:358.17,360.4 1 0
github.com/erigontech/erigon-db/downloader/util.go:361.3,362.13 2 1
github.com/erigontech/erigon-db/downloader/util.go:363.17,365.3 1 0
github.com/erigontech/erigon-db/downloader/util.go:366.2,366.20 1 1
github.com/erigontech/erigon-db/downloader/util.go:376.3,377.27 1 0
github.com/erigontech/erigon-db/downloader/util.go:377.27,379.16 1 0
github.com/erigontech/erigon-db/downloader/util.go:379.16,380.18 1 0
github.com/erigontech/erigon-db/downloader/util.go:380.18,382.5 1 0
github.com/erigontech/erigon-db/downloader/util.go:384.3,385.17 2 0
github.com/erigontech/erigon-db/downloader/util.go:385.17,387.4 1 0
github.com/erigontech/erigon-db/downloader/util.go:389.3,389.26 1 0
github.com/erigontech/erigon-db/downloader/util.go:389.26,391.4 1 0
github.com/erigontech/erigon-db/downloader/util.go:391.9,393.4 1 0
github.com/erigontech/erigon-db/downloader/util.go:394.3,394.9 1 0
github.com/erigontech/erigon-db/downloader/webseed.go:56.84,68.2 6 0
github.com/erigontech/erigon-db/downloader/webseed.go:70.85,73.2 2 0
github.com/erigontech/erigon-db/downloader/webseed.go:75.113,78.37 2 0
github.com/erigontech/erigon-db/downloader/webseed.go:78.37,79.42 1 0
github.com/erigontech/erigon-db/downloader/webseed.go:79.42,81.4 1 0
github.com/erigontech/erigon-db/downloader/webseed.go:83.2,85.37 3 0
github.com/erigontech/erigon-db/downloader/webseed.go:85.37,86.68 1 0
github.com/erigontech/erigon-db/downloader/webseed.go:86.68,87.12 1 0
github.com/erigontech/erigon-db/downloader/webseed.go:89.3,90.40 2 0
github.com/erigontech/erigon-db/downloader/webseed.go:90.40,92.12 2 0
github.com/erigontech/erigon-db/downloader/webseed.go:94.3,94.30 1 0
github.com/erigontech/erigon-db/downloader/webseed.go:97.2,97.27 1 0
github.com/erigontech/erigon-db/downloader/webseed.go:97.27,99.34 2 0
github.com/erigontech/erigon-db/downloader/webseed.go:99.34,101.4 1 0
github.com/erigontech/erigon-db/downloader/webseed.go:103.2,103.106 1 0
github.com/erigontech/erigon-db/downloader/webseed.go:106.86,110.45 3 0
github.com/erigontech/erigon-db/downloader/webseed.go:110.45,111.10 1 0
github.com/erigontech/erigon-db/downloader/webseed.go:112.21,113.20 1 0
github.com/erigontech/erigon-db/downloader/webseed.go:114.11,114.11 0 0
github.com/erigontech/erigon-db/downloader/webseed.go:116.3,119.17 3 0
github.com/erigontech/erigon-db/downloader/webseed.go:119.17,121.16 2 0
github.com/erigontech/erigon-db/downloader/webseed.go:121.16,123.5 1 0
github.com/erigontech/erigon-db/downloader/webseed.go:123.10,125.5 1 0
github.com/erigontech/erigon-db/downloader/webseed.go:128.3,128.33 1 0
github.com/erigontech/erigon-db/downloader/webseed.go:131.2,134.30 3 0
github.com/erigontech/erigon-db/downloader/webseed.go:134.30,135.16 1 0
github.com/erigontech/erigon-db/downloader/webseed.go:135.16,137.4 1 0
github.com/erigontech/erigon-db/downloader/webseed.go:138.3,138.42 1 0
github.com/erigontech/erigon-db/downloader/webseed.go:140.2,140.12 1 0
github.com/erigontech/erigon-db/downloader/webseed.go:140.12,142.30 2 0
github.com/erigontech/erigon-db/downloader/webseed.go:142.30,144.4 1 0
github.com/erigontech/erigon-db/downloader/webseed.go:145.3,145.82 1 0
github.com/erigontech/erigon-db/downloader/webseed.go:147.2,147.12 1 0
github.com/erigontech/erigon-db/downloader/webseed.go:158.37,161.2 2 0
github.com/erigontech/erigon-db/downloader/webseed.go:163.40,165.2 1 0
github.com/erigontech/erigon-db/downloader/webseed.go:167.57,169.12 2 0
github.com/erigontech/erigon-db/downloader/webseed.go:169.12,171.3 1 0
github.com/erigontech/erigon-db/downloader/webseed.go:173.2,173.22 1 0
github.com/erigontech/erigon-db/downloader/webseed.go:173.22,175.3 1 0
github.com/erigontech/erigon-db/downloader/webseed.go:176.2,183.11 7 0
github.com/erigontech/erigon-db/downloader/webseed.go:183.11,185.3 1 0
github.com/erigontech/erigon-db/downloader/webseed.go:187.2,197.33 3 0
github.com/erigontech/erigon-db/downloader/webseed.go:197.33,198.22 1 0
github.com/erigontech/erigon-db/downloader/webseed.go:198.22,199.12 1 0
github.com/erigontech/erigon-db/downloader/webseed.go:201.3,201.14 1 0
github.com/erigontech/erigon-db/downloader/webseed.go:201.14,203.4 1 0
github.com/erigontech/erigon-db/downloader/webseed.go:204.3,205.30 2 0
github.com/erigontech/erigon-db/downloader/webseed.go:205.30,207.4 1 0
github.com/erigontech/erigon-db/downloader/webseed.go:208.3,208.27 1 0
github.com/erigontech/erigon-db/downloader/webseed.go:208.27,210.4 1 0
github.com/erigontech/erigon-db/downloader/webseed.go:212.2,213.19 2 0
github.com/erigontech/erigon-db/downloader/webseed.go:216.133,218.15 2 0
github.com/erigontech/erigon-db/downloader/webseed.go:218.15,218.60 1 0
github.com/erigontech/erigon-db/downloader/webseed.go:220.2,222.16 3 0
github.com/erigontech/erigon-db/downloader/webseed.go:222.16,224.3 1 0
github.com/erigontech/erigon-db/downloader/webseed.go:226.2,227.20 2 0
github.com/erigontech/erigon-db/downloader/webseed.go:230.55,234.2 3 0
github.com/erigontech/erigon-db/downloader/webseed.go:236.30,240.2 3 0
github.com/erigontech/erigon-db/downloader/webseed.go:242.69,247.2 4 0
github.com/erigontech/erigon-db/downloader/webseed.go:249.126,252.2 2 0
github.com/erigontech/erigon-db/downloader/webseed.go:252.2,256.17 4 0
github.com/erigontech/erigon-db/downloader/webseed.go:256.17,258.4 1 0
github.com/erigontech/erigon-db/downloader/webseed.go:259.3,261.17 3 0
github.com/erigontech/erigon-db/downloader/webseed.go:261.17,263.4 1 0
github.com/erigontech/erigon-db/downloader/webseed.go:264.3,264.20 1 0
github.com/erigontech/erigon-db/downloader/webseed.go:267.2,268.16 2 0
github.com/erigontech/erigon-db/downloader/webseed.go:268.16,270.3 1 0
github.com/erigontech/erigon-db/downloader/webseed.go:272.2,275.16 3 0
github.com/erigontech/erigon-db/downloader/webseed.go:275.16,277.3 1 0
github.com/erigontech/erigon-db/downloader/webseed.go:278.2,279.38 2 0
github.com/erigontech/erigon-db/downloader/webseed.go:279.38,283.3 2 0
github.com/erigontech/erigon-db/downloader/webseed.go:285.2,286.16 2 0
github.com/erigontech/erigon-db/downloader/webseed.go:286.16,288.3 1 0
github.com/erigontech/erigon-db/downloader/webseed.go:290.2,293.31 3 0
github.com/erigontech/erigon-db/downloader/webseed.go:293.31,295.18 2 0
github.com/erigontech/erigon-db/downloader/webseed.go:296.11,297.30 1 0
github.com/erigontech/erigon-db/downloader/webseed.go:297.30,299.5 1 0
github.com/erigontech/erigon-db/downloader/webseed.go:300.4,300.12 1 0
github.com/erigontech/erigon-db/downloader/webseed.go:301.35,302.12 1 0
github.com/erigontech/erigon-db/downloader/webseed.go:303.11,304.69 1 0
github.com/erigontech/erigon-db/downloader/webseed.go:308.2,309.22 2 0
github.com/erigontech/erigon-db/downloader/downloadergrpc/client.go:36.103,51.16 8 0
github.com/erigontech/erigon-db/downloader/downloadergrpc/client.go:51.16,53.3 1 0
github.com/erigontech/erigon-db/downloader/downloadergrpc/client.go:54.2,54.56 1 0
github.com/erigontech/erigon-db/downloader/downloadergrpc/client.go:57.62,60.23 3 0
github.com/erigontech/erigon-db/downloader/downloadergrpc/client.go:60.23,63.3 2 0
github.com/erigontech/erigon-db/downloader/downloadergrpc/client.go:64.2,64.19 1 0
github.com/erigontech/erigon-db/downloader/downloadergrpc/client.go:67.52,70.23 3 0
github.com/erigontech/erigon-db/downloader/downloadergrpc/client.go:70.23,73.3 2 0
github.com/erigontech/erigon-db/downloader/downloadergrpc/client.go:74.2,74.19 1 0
github.com/erigontech/erigon-db/downloader/downloadergrpc/client.go:77.47,82.2 4 0
github.com/erigontech/erigon-db/downloader/downloadergrpc/client.go:84.47,87.2 2 0
github.com/erigontech/erigon-db/rawdb/rawdbhelpers/rawdbhelpers.go:26.40,29.34 3 0
github.com/erigontech/erigon-db/rawdb/rawdbhelpers/rawdbhelpers.go:29.34,34.3 3 0
github.com/erigontech/erigon-db/rawdb/rawdbhelpers/rawdbhelpers.go:35.2,35.10 1 0
github.com/erigontech/erigon-db/rawdb/blockio/block_writer.go:45.36,47.2 1 0
github.com/erigontech/erigon-db/rawdb/blockio/block_writer.go:49.153,69.2 4 0
github.com/erigontech/erigon-db/rawdb/blockio/block_writer.go:71.74,72.62 1 0
github.com/erigontech/erigon-db/rawdb/blockio/block_writer.go:72.62,74.36 2 0
github.com/erigontech/erigon-db/rawdb/blockio/block_writer.go:74.36,77.4 1 0
github.com/erigontech/erigon-db/rawdb/blockio/block_writer.go:78.3,78.13 1 0
github.com/erigontech/erigon-db/rawdb/blockio/block_writer.go:80.2,80.12 1 0
github.com/erigontech/erigon-db/rawdb/blockio/block_writer.go:82.77,83.58 1 0
github.com/erigontech/erigon-db/rawdb/blockio/block_writer.go:83.58,85.3 1 0
github.com/erigontech/erigon-db/rawdb/blockio/block_writer.go:86.2,86.12 1 0
github.com/erigontech/erigon-db/rawdb/blockio/block_writer.go:89.73,91.18 1 0
github.com/erigontech/erigon-db/rawdb/blockio/block_writer.go:91.18,93.3 1 0
github.com/erigontech/erigon-db/rawdb/blockio/block_writer.go:94.2,94.30 1 0
github.com/erigontech/erigon-db/rawdb/blockio/block_writer.go:97.81,99.68 2 0
github.com/erigontech/erigon-db/rawdb/blockio/block_writer.go:99.68,99.105 1 0
github.com/erigontech/erigon-db/rawdb/blockio/block_writer.go:99.119,101.3 1 0
github.com/erigontech/erigon-db/rawdb/blockio/block_writer.go:103.2,103.92 1 0
github.com/erigontech/erigon-db/rawdb/blockio/block_writer.go:103.92,105.3 1 0
github.com/erigontech/erigon-db/rawdb/blockio/block_writer.go:106.2,106.54 1 0
github.com/erigontech/erigon-db/rawdb/blockio/block_writer.go:106.54,108.3 1 0
github.com/erigontech/erigon-db/rawdb/blockio/block_writer.go:110.2,110.12 1 0
github.com/erigontech/erigon-db/rawdb/blockio/block_writer.go:121.132,124.2 2 0
github.com/erigontech/erigon-db/rawdb/accessors_chain.go:47.74,49.16 2 0
github.com/erigontech/erigon-db/rawdb/accessors_chain.go:49.16,51.3 1 0
github.com/erigontech/erigon-db/rawdb/accessors_chain.go:52.2,52.20 1 0
github.com/erigontech/erigon-db/rawdb/accessors_chain.go:52.20,54.3 1 0
github.com/erigontech/erigon-db/rawdb/accessors_chain.go:55.2,55.38 1 0
github.com/erigontech/erigon-db/rawdb/accessors_chain.go:59.78,60.91 1 0
github.com/erigontech/erigon-db/rawdb/accessors_chain.go:60.91,62.3 1 0
github.com/erigontech/erigon-db/rawdb/accessors_chain.go:63.2,63.12 1 0
github.com/erigontech/erigon-db/rawdb/accessors_chain.go:71.85,72.116 1 0
github.com/erigontech/erigon-db/rawdb/accessors_chain.go:72.116,73.21 1 0
github.com/erigontech/erigon-db/rawdb/accessors_chain.go:73.21,74.64 1 0
github.com/erigontech/erigon-db/rawdb/accessors_chain.go:74.64,76.5 1 0
github.com/erigontech/erigon-db/rawdb/accessors_chain.go:77.4,77.79 1 0
github.com/erigontech/erigon-db/rawdb/accessors_chain.go:77.79,79.5 1 0
github.com/erigontech/erigon-db/rawdb/accessors_chain.go:81.4,81.25 1 0
github.com/erigontech/erigon-db/rawdb/accessors_chain.go:81.25,83.5 1 0
github.com/erigontech/erigon-db/rawdb/accessors_chain.go:85.3,85.54 1 0
github.com/erigontech/erigon-db/rawdb/accessors_chain.go:86.17,88.3 1 0
github.com/erigontech/erigon-db/rawdb/accessors_chain.go:89.2,89.12 1 0
github.com/erigontech/erigon-db/rawdb/accessors_chain.go:95.59,96.23 1 0
github.com/erigontech/erigon-db/rawdb/accessors_chain.go:96.23,98.3 1 0
github.com/erigontech/erigon-db/rawdb/accessors_chain.go:100.2,102.35 3 0
github.com/erigontech/erigon-db/rawdb/accessors_chain.go:102.35,104.3 1 0
github.com/erigontech/erigon-db/rawdb/accessors_chain.go:106.2,106.20 1 0
github.com/erigontech/erigon-db/rawdb/accessors_chain.go:110.52,113.89 2 0
github.com/erigontech/erigon-db/rawdb/accessors_chain.go:113.89,116.3 2 0
github.com/erigontech/erigon-db/rawdb/accessors_chain.go:121.83,123.16 2 0
github.com/erigontech/erigon-db/rawdb/accessors_chain.go:123.16,125.3 1 0
github.com/erigontech/erigon-db/rawdb/accessors_chain.go:126.2,126.71 1 0
github.com/erigontech/erigon-db/rawdb/accessors_chain.go:130.63,132.16 2 0
github.com/erigontech/erigon-db/rawdb/accessors_chain.go:132.16,134.3 1 0
github.com/erigontech/erigon-db/rawdb/accessors_chain.go:135.2,135.20 1 0
github.com/erigontech/erigon-db/rawdb/accessors_chain.go:135.20,137.3 1 0
github.com/erigontech/erigon-db/rawdb/accessors_chain.go:138.2,138.20 1 0
github.com/erigontech/erigon-db/rawdb/accessors_chain.go:138.20,141.3 2 0
github.com/erigontech/erigon-db/rawdb/accessors_chain.go:142.2,143.16 2 0
github.com/erigontech/erigon-db/rawdb/accessors_chain.go:145.75,147.16 2 0
github.com/erigontech/erigon-db/rawdb/accessors_chain.go:147.16,149.3 1 0
github.com/erigontech/erigon-db/rawdb/accessors_chain.go:150.2,150.20 1 0
github.com/erigontech/erigon-db/rawdb/accessors_chain.go:150.20,152.3 1 0
github.com/erigontech/erigon-db/rawdb/accessors_chain.go:153.2,153.20 1 0
github.com/erigontech/erigon-db/rawdb/accessors_chain.go:153.20,155.3 1 0
github.com/erigontech/erigon-db/rawdb/accessors_chain.go:156.2,157.21 2 0
github.com/erigontech/erigon-db/rawdb/accessors_chain.go:161.77,162.83 1 0
github.com/erigontech/erigon-db/rawdb/accessors_chain.go:162.83,164.3 1 0
github.com/erigontech/erigon-db/rawdb/accessors_chain.go:165.2,165.12 1 0
github.com/erigontech/erigon-db/rawdb/accessors_chain.go:171.51,173.16 2 0
github.com/erigontech/erigon-db/rawdb/accessors_chain.go:173.16,175.3 1 0
github.com/erigontech/erigon-db/rawdb/accessors_chain.go:176.2,176.20 1 0
github.com/erigontech/erigon-db/rawdb/accessors_chain.go:176.20,178.3 1 0
github.com/erigontech/erigon-db/rawdb/accessors_chain.go:179.2,179.33 1 0
github.com/erigontech/erigon-db/rawdb/accessors_chain.go:185.64,186.89 1 0
github.com/erigontech/erigon-db/rawdb/accessors_chain.go:186.89,188.3 1 0
github.com/erigontech/erigon-db/rawdb/accessors_chain.go:189.2,189.12 1 0
github.com/erigontech/erigon-db/rawdb/accessors_chain.go:195.50,197.16 2 0
github.com/erigontech/erigon-db/rawdb/accessors_chain.go:197.16,199.3 1 0
github.com/erigontech/erigon-db/rawdb/accessors_chain.go:200.2,200.20 1 0
github.com/erigontech/erigon-db/rawdb/accessors_chain.go:200.20,202.3 1 0
github.com/erigontech/erigon-db/rawdb/accessors_chain.go:203.2,203.33 1 0
github.com/erigontech/erigon-db/rawdb/accessors_chain.go:209.57,210.87 1 0
github.com/erigontech/erigon-db/rawdb/accessors_chain.go:210.87,212.3 1 0
github.com/erigontech/erigon-db/rawdb/accessors_chain.go:216.51,218.16 2 0
github.com/erigontech/erigon-db/rawdb/accessors_chain.go:218.16,220.3 1 0
github.com/erigontech/erigon-db/rawdb/accessors_chain.go:221.2,221.20 1 0
github.com/erigontech/erigon-db/rawdb/accessors_chain.go:221.20,223.3 1 0
github.com/erigontech/erigon-db/rawdb/accessors_chain.go:224.2,224.33 1 0
github.com/erigontech/erigon-db/rawdb/accessors_chain.go:228.58,229.84 1 0
github.com/erigontech/erigon-db/rawdb/accessors_chain.go:229.84,231.3 1 0
github.com/erigontech/erigon-db/rawdb/accessors_chain.go:235.51,237.16 2 0
github.com/erigontech/erigon-db/rawdb/accessors_chain.go:237.16,240.3 2 0
github.com/erigontech/erigon-db/rawdb/accessors_chain.go:242.2,242.20 1 0
github.com/erigontech/erigon-db/rawdb/accessors_chain.go:242.20,244.3 1 0
github.com/erigontech/erigon-db/rawdb/accessors_chain.go:246.2,246.33 1 0
github.com/erigontech/erigon-db/rawdb/accessors_chain.go:250.58,251.84 1 0
github.com/erigontech/erigon-db/rawdb/accessors_chain.go:251.84,253.3 1 0
github.com/erigontech/erigon-db/rawdb/accessors_chain.go:257.56,259.16 2 0
github.com/erigontech/erigon-db/rawdb/accessors_chain.go:259.16,262.3 2 0
github.com/erigontech/erigon-db/rawdb/accessors_chain.go:264.2,264.20 1 0
github.com/erigontech/erigon-db/rawdb/accessors_chain.go:264.20,266.3 1 0
github.com/erigontech/erigon-db/rawdb/accessors_chain.go:268.2,268.33 1 0
github.com/erigontech/erigon-db/rawdb/accessors_chain.go:272.63,273.89 1 0
[...]
github.com/erigontech/erigon-db/downloader/downloadercfg/downloadercfg.go:188.8,190.3 1 0
github.com/erigontech/erigon-db/downloader/downloadercfg/downloadercfg.go:192.2,200.4 2 0
github.com/erigontech/erigon-db/downloader/downloadercfg/downloadercfg.go:200.4,202.17 2 0
github.com/erigontech/erigon-db/downloader/downloadercfg/downloadercfg.go:202.17,204.4 1 0
github.com/erigontech/erigon-db/downloader/downloadercfg/downloadercfg.go:207.2,219.35 2 0
github.com/erigontech/erigon-db/downloader/downloadercfg/downloadercfg.go:219.35,222.81 2 0
github.com/erigontech/erigon-db/downloader/downloadercfg/downloadercfg.go:222.81,223.38 1 0
github.com/erigontech/erigon-db/downloader/downloadercfg/downloadercfg.go:223.38,225.19 2 0
github.com/erigontech/erigon-db/downloader/downloadercfg/downloadercfg.go:225.19,227.6 1 0
github.com/erigontech/erigon-db/downloader/downloadercfg/downloadercfg.go:229.5,229.38 1 0
github.com/erigontech/erigon-db/downloader/downloadercfg/downloadercfg.go:229.38,230.26 1 0
github.com/erigontech/erigon-db/downloader/downloadercfg/downloadercfg.go:230.26,233.21 3 0
github.com/erigontech/erigon-db/downloader/downloadercfg/downloadercfg.go:233.21,235.16 2 0
github.com/erigontech/erigon-db/downloader/downloadercfg/downloadercfg.go:237.7,237.47 1 0
github.com/erigontech/erigon-db/downloader/downloadercfg/downloadercfg.go:239.6,239.26 1 0
github.com/erigontech/erigon-db/downloader/downloadercfg/downloadercfg.go:239.26,242.21 3 0
github.com/erigontech/erigon-db/downloader/downloadercfg/downloadercfg.go:242.21,244.16 2 0
github.com/erigontech/erigon-db/downloader/downloadercfg/downloadercfg.go:246.7,246.47 1 0
github.com/erigontech/erigon-db/downloader/downloadercfg/downloadercfg.go:249.5,249.22 1 0
github.com/erigontech/erigon-db/downloader/downloadercfg/downloadercfg.go:255.2,258.45 4 0
github.com/erigontech/erigon-db/downloader/downloadercfg/downloadercfg.go:258.45,259.39 1 0
github.com/erigontech/erigon-db/downloader/downloadercfg/downloadercfg.go:259.39,261.18 2 0
github.com/erigontech/erigon-db/downloader/downloadercfg/downloadercfg.go:261.18,263.19 2 0
github.com/erigontech/erigon-db/downloader/downloadercfg/downloadercfg.go:263.19,265.14 2 0
github.com/erigontech/erigon-db/downloader/downloadercfg/downloadercfg.go:267.5,267.54 1 0
github.com/erigontech/erigon-db/downloader/downloadercfg/downloadercfg.go:267.54,269.6 1 0
github.com/erigontech/erigon-db/downloader/downloadercfg/downloadercfg.go:270.5,270.13 1 0
github.com/erigontech/erigon-db/downloader/downloadercfg/downloadercfg.go:272.4,273.12 2 0
github.com/erigontech/erigon-db/downloader/downloadercfg/downloadercfg.go:276.3,276.40 1 0
github.com/erigontech/erigon-db/downloader/downloadercfg/downloadercfg.go:276.40,278.58 2 0
github.com/erigontech/erigon-db/downloader/downloadercfg/downloadercfg.go:278.58,279.13 1 0
github.com/erigontech/erigon-db/downloader/downloadercfg/downloadercfg.go:281.4,282.18 2 0
github.com/erigontech/erigon-db/downloader/downloadercfg/downloadercfg.go:282.18,284.13 2 0
github.com/erigontech/erigon-db/downloader/downloadercfg/downloadercfg.go:286.4,286.60 1 0
github.com/erigontech/erigon-db/downloader/downloadercfg/downloadercfg.go:287.9,288.12 1 0
github.com/erigontech/erigon-db/downloader/downloadercfg/downloadercfg.go:291.2,293.16 3 0
github.com/erigontech/erigon-db/downloader/downloadercfg/downloadercfg.go:293.16,296.3 2 0
github.com/erigontech/erigon-db/downloader/downloadercfg/downloadercfg.go:297.2,297.12 1 0
github.com/erigontech/erigon-db/downloader/downloadercfg/downloadercfg.go:297.12,299.3 1 0
github.com/erigontech/erigon-db/downloader/downloadercfg/downloadercfg.go:304.2,311.16 3 0
github.com/erigontech/erigon-db/downloader/downloadercfg/downloadercfg.go:311.16,313.3 1 0
github.com/erigontech/erigon-db/downloader/downloadercfg/downloadercfg.go:315.2,324.41 2 0
github.com/erigontech/erigon-db/downloader/downloadercfg/downloadercfg.go:324.41,328.3 1 0
github.com/erigontech/erigon-db/downloader/downloadercfg/downloadercfg.go:329.2,329.18 1 0
github.com/erigontech/erigon-db/downloader/downloadercfg/downloadercfg.go:334.106,335.50 1 0
github.com/erigontech/erigon-db/downloader/downloadercfg/downloadercfg.go:335.50,338.3 2 0
github.com/erigontech/erigon-db/downloader/downloadercfg/downloadercfg.go:340.2,342.16 3 0
github.com/erigontech/erigon-db/downloader/downloadercfg/downloadercfg.go:342.16,344.3 1 0
github.com/erigontech/erigon-db/downloader/downloadercfg/downloadercfg.go:345.2,345.12 1 0
github.com/erigontech/erigon-db/downloader/downloadercfg/downloadercfg.go:345.12,348.17 2 0
github.com/erigontech/erigon-db/downloader/downloadercfg/downloadercfg.go:348.17,350.4 1 0
github.com/erigontech/erigon-db/downloader/downloadercfg/downloadercfg.go:351.3,351.45 1 0
github.com/erigontech/erigon-db/downloader/downloadercfg/downloadercfg.go:352.8,355.17 2 0
github.com/erigontech/erigon-db/downloader/downloadercfg/downloadercfg.go:355.17,358.4 2 0
github.com/erigontech/erigon-db/downloader/downloadercfg/downloadercfg.go:359.3,359.15 1 0
github.com/erigontech/erigon-db/downloader/downloadercfg/downloadercfg.go:359.15,362.4 2 0
github.com/erigontech/erigon-db/downloader/downloadercfg/downloadercfg.go:364.2,366.17 3 0
github.com/erigontech/erigon-db/downloader/downloadercfg/downloadercfg.go:373.74,377.33 3 0
github.com/erigontech/erigon-db/downloader/downloadercfg/downloadercfg.go:377.33,379.3 1 0
github.com/erigontech/erigon-db/downloader/downloadercfg/downloadercfg.go:380.2,380.8 1 0
github.com/erigontech/erigon-db/downloader/downloadercfg/downloadercfg.go:383.28,384.29 1 0
github.com/erigontech/erigon-db/downloader/downloadercfg/downloadercfg.go:384.29,386.17 2 0
github.com/erigontech/erigon-db/downloader/downloadercfg/downloadercfg.go:386.17,389.4 2 0
github.com/erigontech/erigon-db/downloader/downloadercfg/downloadercfg.go:390.3,391.28 2 0
github.com/erigontech/erigon-db/downloader/downloadercfg/downloadercfg.go:395.2,395.14 1 0
github.com/erigontech/erigon-db/downloader/downloadercfg/iter.go:9.56,10.34 1 0
github.com/erigontech/erigon-db/downloader/downloadercfg/iter.go:10.34,11.28 1 0
github.com/erigontech/erigon-db/downloader/downloadercfg/iter.go:11.28,12.23 1 0
github.com/erigontech/erigon-db/downloader/downloadercfg/iter.go:12.23,13.18 1 0
github.com/erigontech/erigon-db/downloader/downloadercfg/iter.go:13.18,15.6 1 0
github.com/erigontech/erigon-db/downloader/downloadercfg/logger.go:28.13,32.2 1 1
github.com/erigontech/erigon-db/downloader/downloadercfg/logger.go:35.55,36.28 1 0
github.com/erigontech/erigon-db/downloader/downloadercfg/logger.go:36.28,39.3 2 0
github.com/erigontech/erigon-db/downloader/downloadercfg/logger.go:40.2,41.8 2 0
github.com/erigontech/erigon-db/downloader/downloadercfg/logger.go:46.81,47.15 1 0
github.com/erigontech/erigon-db/downloader/downloadercfg/logger.go:48.19,49.24 1 0
github.com/erigontech/erigon-db/downloader/downloadercfg/logger.go:50.20,51.21 1 0
github.com/erigontech/erigon-db/downloader/downloadercfg/logger.go:52.19,53.23 1 0
github.com/erigontech/erigon-db/downloader/downloadercfg/logger.go:54.19,55.20 1 0
github.com/erigontech/erigon-db/downloader/downloadercfg/logger.go:56.20,57.21 1 0
github.com/erigontech/erigon-db/downloader/downloadercfg/logger.go:58.20,61.13 2 0
github.com/erigontech/erigon-db/downloader/downloadercfg/logger.go:62.10,63.101 1 0
github.com/erigontech/erigon-db/downloader/downloadercfg/logger.go:65.2,65.22 1 0
github.com/erigontech/erigon-db/downloader/downloadercfg/logger.go:68.60,69.15 1 0
github.com/erigontech/erigon-db/downloader/downloadercfg/logger.go:70.20,72.15 1 0
github.com/erigontech/erigon-db/downloader/downloadercfg/logger.go:74.3,74.26 1 0
github.com/erigontech/erigon-db/downloader/downloadercfg/logger.go:75.21,77.21 1 0
github.com/erigontech/erigon-db/downloader/downloadercfg/logger.go:78.20,79.22 1 0
github.com/erigontech/erigon-db/downloader/downloadercfg/logger.go:80.19,81.21 1 0
github.com/erigontech/erigon-db/downloader/downloadercfg/logger.go:82.22,83.21 1 0
github.com/erigontech/erigon-db/downloader/downloadercfg/logger.go:84.20,85.22 1 0
github.com/erigontech/erigon-db/downloader/downloadercfg/logger.go:86.23,87.21 1 0
github.com/erigontech/erigon-db/downloader/downloadercfg/logger.go:88.23,89.15 1 0
github.com/erigontech/erigon-db/downloader/downloadercfg/logger.go:92.3,92.22 1 0
github.com/erigontech/erigon-db/downloader/downloadercfg/logger.go:93.10,95.15 1 0
github.com/erigontech/erigon-db/downloader/downloadercfg/logger.go:101.47,102.2 0 0
github.com/erigontech/erigon-db/downloader/downloadercfg/logger.go:106.49,112.2 3 0
github.com/erigontech/erigon-db/downloader/downloadercfg/logger.go:119.64,121.2 1 0
github.com/erigontech/erigon-db/downloader/downloadercfg/logger.go:123.79,125.2 1 0
github.com/erigontech/erigon-db/downloader/downloadercfg/logger.go:126.78,128.2 1 0
github.com/erigontech/erigon-db/downloader/downloadercfg/logger.go:129.78,131.2 1 0
github.com/erigontech/erigon-db/downloader/downloadercfg/logger.go:132.79,134.2 1 0
github.com/erigontech/erigon-db/downloader/downloadercfg/logger_libutp.go:26.13,28.2 1 1
github.com/erigontech/erigon-db/downloader/downloadercfg/slog-multihandler.go:15.58,17.2 1 0
github.com/erigontech/erigon-db/downloader/downloadercfg/slog-multihandler.go:19.71,20.19 1 0
github.com/erigontech/erigon-db/downloader/downloadercfg/slog-multihandler.go:20.19,21.27 1 0
github.com/erigontech/erigon-db/downloader/downloadercfg/slog-multihandler.go:21.27,23.4 1 0
github.com/erigontech/erigon-db/downloader/downloadercfg/slog-multihandler.go:25.2,25.14 1 0
github.com/erigontech/erigon-db/downloader/downloadercfg/slog-multihandler.go:28.72,30.19 2 0
github.com/erigontech/erigon-db/downloader/downloadercfg/slog-multihandler.go:30.19,31.33 1 0
github.com/erigontech/erigon-db/downloader/downloadercfg/slog-multihandler.go:31.33,32.54 1 0
github.com/erigontech/erigon-db/downloader/downloadercfg/slog-multihandler.go:32.54,34.5 1 0
github.com/erigontech/erigon-db/downloader/downloadercfg/slog-multihandler.go:37.2,37.29 1 0
github.com/erigontech/erigon-db/downloader/downloadercfg/slog-multihandler.go:40.65,42.19 2 0
github.com/erigontech/erigon-db/downloader/downloadercfg/slog-multihandler.go:42.19,44.3 1 0
github.com/erigontech/erigon-db/downloader/downloadercfg/slog-multihandler.go:45.2,45.31 1 0
github.com/erigontech/erigon-db/downloader/downloadercfg/slog-multihandler.go:48.59,50.19 2 0
github.com/erigontech/erigon-db/downloader/downloadercfg/slog-multihandler.go:50.19,52.3 1 0
github.com/erigontech/erigon-db/downloader/downloadercfg/slog-multihandler.go:53.2,53.31 1 0
github.com/erigontech/erigon-db/downloader/downloadercfg/slogger.go:12.49,14.2 1 0
github.com/erigontech/erigon-db/downloader/downloadercfg/slogger.go:16.49,19.2 1 1
github.com/erigontech/erigon-db/downloader/downloadercfg/slogger.go:27.76,29.27 2 0
github.com/erigontech/erigon-db/downloader/downloadercfg/slogger.go:29.27,31.3 1 0
github.com/erigontech/erigon-db/downloader/downloadercfg/slogger.go:32.2,32.33 1 0
github.com/erigontech/erigon-db/downloader/downloadercfg/slogger.go:35.78,37.27 1 0
github.com/erigontech/erigon-db/downloader/downloadercfg/slogger.go:37.27,40.3 1 0
github.com/erigontech/erigon-db/downloader/downloadercfg/slogger.go:45.2,46.12 2 0
github.com/erigontech/erigon-db/downloader/downloadercfg/slogger.go:49.71,50.36 1 0
github.com/erigontech/erigon-db/downloader/downloadercfg/slogger.go:50.36,51.42 1 0
github.com/erigontech/erigon-db/downloader/downloadercfg/slogger.go:51.42,53.41 2 0
github.com/erigontech/erigon-db/downloader/downloadercfg/slogger.go:53.41,55.5 1 0
github.com/erigontech/erigon-db/downloader/downloadercfg/slogger.go:56.9,60.4 2 0
github.com/erigontech/erigon-db/downloader/downloadercfg/slogger.go:64.62,69.64 2 0
github.com/erigontech/erigon-db/downloader/downloadercfg/slogger.go:69.64,71.3 1 0
github.com/erigontech/erigon-db/downloader/downloadercfg/slogger.go:72.2,72.8 1 0
github.com/erigontech/erigon-db/downloader/downloadercfg/slogger.go:75.66,80.2 4 0
github.com/erigontech/erigon-db/downloader/downloadercfg/slogger.go:82.60,85.23 1 0
github.com/erigontech/erigon-db/downloader/downloadercfg/slogger.go:88.52,89.29 1 0
github.com/erigontech/erigon-db/downloader/downloadercfg/slogger.go:89.29,90.22 1 0
github.com/erigontech/erigon-db/downloader/downloadercfg/slogger.go:90.22,92.4 1 0
github.com/erigontech/erigon-db/downloader/downloadercfg/slogger.go:94.2,94.8 1 0
github.com/erigontech/erigon-db/snaptype/block_types.go:42.13,51.2 7 1
github.com/erigontech/erigon-db/snaptype/block_types.go:111.167,125.134 5 0
github.com/erigontech/erigon-db/snaptype/block_types.go:125.134,126.18 1 0
github.com/erigontech/erigon-db/snaptype/block_types.go:126.18,128.7 1 0
github.com/erigontech/erigon-db/snaptype/block_types.go:130.6,134.53 5 0
github.com/erigontech/erigon-db/snaptype/block_types.go:134.53,136.7 1 0
github.com/erigontech/erigon-db/snaptype/block_types.go:137.6,137.16 1 0
github.com/erigontech/erigon-db/snaptype/block_types.go:138.28,140.6 1 0
github.com/erigontech/erigon-db/snaptype/block_types.go:141.5,141.15 1 0
github.com/erigontech/erigon-db/snaptype/block_types.go:155.167,166.131 3 0
github.com/erigontech/erigon-db/snaptype/block_types.go:166.131,167.18 1 0
github.com/erigontech/erigon-db/snaptype/block_types.go:167.18,169.7 1 0
github.com/erigontech/erigon-db/snaptype/block_types.go:170.6,171.56 2 0
github.com/erigontech/erigon-db/snaptype/block_types.go:171.56,173.7 1 0
github.com/erigontech/erigon-db/snaptype/block_types.go:174.6,174.16 1 0
github.com/erigontech/erigon-db/snaptype/block_types.go:175.28,177.6 1 0
github.com/erigontech/erigon-db/snaptype/block_types.go:178.5,178.15 1 0
github.com/erigontech/erigon-db/snaptype/block_types.go:192.175,193.18 1 0
github.com/erigontech/erigon-db/snaptype/block_types.go:193.18,194.38 1 0
github.com/erigontech/erigon-db/snaptype/block_types.go:194.38,196.7 1 0
github.com/erigontech/erigon-db/snaptype/block_types.go:198.5,201.19 3 0
github.com/erigontech/erigon-db/snaptype/block_types.go:201.19,203.6 1 0
github.com/erigontech/erigon-db/snaptype/block_types.go:204.5,207.19 3 0
github.com/erigontech/erigon-db/snaptype/block_types.go:207.19,209.6 1 0
github.com/erigontech/erigon-db/snaptype/block_types.go:211.5,212.19 2 0
github.com/erigontech/erigon-db/snaptype/block_types.go:212.19,214.6 1 0
github.com/erigontech/erigon-db/snaptype/block_types.go:215.5,216.35 2 0
github.com/erigontech/erigon-db/snaptype/block_types.go:216.35,218.6 1 0
github.com/erigontech/erigon-db/snaptype/block_types.go:220.5,220.17 1 0
github.com/erigontech/erigon-db/snaptype/block_types.go:220.17,224.6 3 0
github.com/erigontech/erigon-db/snaptype/block_types.go:226.5,238.19 2 0
github.com/erigontech/erigon-db/snaptype/block_types.go:238.19,240.6 1 0
github.com/erigontech/erigon-db/snaptype/block_types.go:241.5,252.19 3 0
github.com/erigontech/erigon-db/snaptype/block_types.go:252.19,254.6 1 0
github.com/erigontech/erigon-db/snaptype/block_types.go:255.5,264.9 7 0
github.com/erigontech/erigon-db/snaptype/block_types.go:264.9,271.59 6 0
github.com/erigontech/erigon-db/snaptype/block_types.go:271.59,273.7 1 0
github.com/erigontech/erigon-db/snaptype/block_types.go:275.6,275.22 1 0
github.com/erigontech/erigon-db/snaptype/block_types.go:275.22,276.19 1 0
github.com/erigontech/erigon-db/snaptype/block_types.go:276.19,278.8 1 0
github.com/erigontech/erigon-db/snaptype/block_types.go:280.7,281.14 2 0
github.com/erigontech/erigon-db/snaptype/block_types.go:282.25,283.24 1 0
github.com/erigontech/erigon-db/snaptype/block_types.go:284.15,284.15 0 0
github.com/erigontech/erigon-db/snaptype/block_types.go:288.7,288.74 1 0
github.com/erigontech/erigon-db/snaptype/block_types.go:288.74,289.33 1 0
github.com/erigontech/erigon-db/snaptype/block_types.go:289.33,291.9 1 0
github.com/erigontech/erigon-db/snaptype/block_types.go:293.8,294.61 2 0
github.com/erigontech/erigon-db/snaptype/block_types.go:294.61,296.9 1 0
github.com/erigontech/erigon-db/snaptype/block_types.go:298.8,298.18 1 0
github.com/erigontech/erigon-db/snaptype/block_types.go:301.7,304.21 4 0
github.com/erigontech/erigon-db/snaptype/block_types.go:304.21,306.8 1 0
github.com/erigontech/erigon-db/snaptype/block_types.go:306.13,308.22 2 0
github.com/erigontech/erigon-db/snaptype/block_types.go:308.22,310.9 1 0
github.com/erigontech/erigon-db/snaptype/block_types.go:311.8,311.28 1 0
github.com/erigontech/erigon-db/snaptype/block_types.go:314.7,314.67 1 0
github.com/erigontech/erigon-db/snaptype/block_types.go:314.67,316.8 1 0
github.com/erigontech/erigon-db/snaptype/block_types.go:317.7,317.78 1 0
github.com/erigontech/erigon-db/snaptype/block_types.go:317.78,319.8 1 0
github.com/erigontech/erigon-db/snaptype/block_types.go:321.7,322.23 2 0
github.com/erigontech/erigon-db/snaptype/block_types.go:325.6,325.34 1 0
github.com/erigontech/erigon-db/snaptype/block_types.go:325.34,327.7 1 0
github.com/erigontech/erigon-db/snaptype/block_types.go:329.6,329.50 1 0
github.com/erigontech/erigon-db/snaptype/block_types.go:329.50,330.48 1 0
github.com/erigontech/erigon-db/snaptype/block_types.go:330.48,334.16 4 0
github.com/erigontech/erigon-db/snaptype/block_types.go:336.7,336.47 1 0
github.com/erigontech/erigon-db/snaptype/block_types.go:338.6,338.59 1 0
github.com/erigontech/erigon-db/snaptype/block_types.go:338.59,339.48 1 0
github.com/erigontech/erigon-db/snaptype/block_types.go:339.48,343.16 4 0
github.com/erigontech/erigon-db/snaptype/block_types.go:345.7,345.56 1 0
github.com/erigontech/erigon-db/snaptype/block_types.go:348.6,348.16 1 0
github.com/erigontech/erigon-db/snaptype/block_types.go:413.140,417.55 4 0
github.com/erigontech/erigon-db/snaptype/block_types.go:417.55,419.3 1 0
github.com/erigontech/erigon-db/snaptype/block_types.go:420.2,424.19 4 0
github.com/erigontech/erigon-db/snaptype/block_types.go:424.19,426.15 2 0
github.com/erigontech/erigon-db/snaptype/block_types.go:426.15,428.56 2 0
github.com/erigontech/erigon-db/snaptype/block_types.go:428.56,430.5 1 0
github.com/erigontech/erigon-db/snaptype/block_types.go:431.4,431.20 1 0
github.com/erigontech/erigon-db/snaptype/block_types.go:431.20,432.13 1 0
github.com/erigontech/erigon-db/snaptype/block_types.go:434.9,436.4 1 0
github.com/erigontech/erigon-db/snaptype/block_types.go:439.2,439.46 1 0
github.com/erigontech/erigon-db/snaptype/block_types.go:439.46,441.3 1 0
github.com/erigontech/erigon-db/snaptype/block_types.go:444.2,446.8 3 0
github.com/erigontech/erigon-db/snaptype/headers_freezer.go:28.87,30.2 1 0
github.com/erigontech/erigon-db/snaptype/headers_freezer.go:32.127,38.90 5 0
github.com/erigontech/erigon-db/snaptype/headers_freezer.go:38.90,40.34 2 0
github.com/erigontech/erigon-db/snaptype/headers_freezer.go:40.34,42.4 1 0
github.com/erigontech/erigon-db/snaptype/headers_freezer.go:43.3,46.17 4 0
github.com/erigontech/erigon-db/snaptype/headers_freezer.go:46.17,48.4 1 0
github.com/erigontech/erigon-db/snaptype/headers_freezer.go:49.3,49.21 1 0
github.com/erigontech/erigon-db/snaptype/headers_freezer.go:49.21,51.4 1 0
github.com/erigontech/erigon-db/snaptype/headers_freezer.go:52.3,53.54 2 0
github.com/erigontech/erigon-db/snaptype/headers_freezer.go:53.54,55.4 1 0
github.com/erigontech/erigon-db/snaptype/headers_freezer.go:57.3,60.37 4 0
github.com/erigontech/erigon-db/snaptype/headers_freezer.go:60.37,62.4 1 0
github.com/erigontech/erigon-db/snaptype/headers_freezer.go:64.3,64.10 1 0
github.com/erigontech/erigon-db/snaptype/headers_freezer.go:65.21,66.27 1 0
github.com/erigontech/erigon-db/snaptype/headers_freezer.go:67.21,72.5 3 0
github.com/erigontech/erigon-db/snaptype/headers_freezer.go:73.11,73.11 0 0
github.com/erigontech/erigon-db/snaptype/headers_freezer.go:75.3,75.19 1 0
github.com/erigontech/erigon-db/snaptype/headers_freezer.go:86.51,88.2 1 0
github.com/erigontech/erigon-db/snaptype/headers_freezer.go:90.76,96.2 5 0
github.com/erigontech/erigon-db/snaptype/headers_freezer.go:98.49,100.2 1 0
